running egg_info
writing ../../build/amr_bringup/amr_bringup.egg-info/PKG-INFO
writing dependency_links to ../../build/amr_bringup/amr_bringup.egg-info/dependency_links.txt
writing entry points to ../../build/amr_bringup/amr_bringup.egg-info/entry_points.txt
writing requirements to ../../build/amr_bringup/amr_bringup.egg-info/requires.txt
writing top-level names to ../../build/amr_bringup/amr_bringup.egg-info/top_level.txt
reading manifest file '../../build/amr_bringup/amr_bringup.egg-info/SOURCES.txt'
writing manifest file '../../build/amr_bringup/amr_bringup.egg-info/SOURCES.txt'
running build
running build_py
copying amr_bringup/listener.py -> /workspace/colcon_ws/build/amr_bringup/build/lib/amr_bringup
running install
running install_lib
copying /workspace/colcon_ws/build/amr_bringup/build/lib/amr_bringup/listener.py -> /workspace/colcon_ws/install/amr_bringup/lib/python3.10/site-packages/amr_bringup
byte-compiling /workspace/colcon_ws/install/amr_bringup/lib/python3.10/site-packages/amr_bringup/listener.py to listener.cpython-310.pyc
running install_data
running install_egg_info
removing '/workspace/colcon_ws/install/amr_bringup/lib/python3.10/site-packages/amr_bringup-0.0.0-py3.10.egg-info' (and everything under it)
Copying ../../build/amr_bringup/amr_bringup.egg-info to /workspace/colcon_ws/install/amr_bringup/lib/python3.10/site-packages/amr_bringup-0.0.0-py3.10.egg-info
running install_scripts
Installing listener script to /workspace/colcon_ws/install/amr_bringup/lib/amr_bringup
Installing talker script to /workspace/colcon_ws/install/amr_bringup/lib/amr_bringup
writing list of installed files to '/workspace/colcon_ws/build/amr_bringup/install.log'
