[0.455s] Invoking command in '/workspace/colcon_ws/src/amr_bringup': PYTHONPATH=/workspace/colcon_ws/build/amr_bringup/prefix_override:/usr/lib/python3/dist-packages/colcon_core/task/python/colcon_distutils_commands:/workspace/colcon_ws/install/amr_bringup/lib/python3.10/site-packages:${PYTHONPATH} /usr/bin/python3 -W ignore:setup.py install is deprecated -W ignore:easy_install command is deprecated setup.py egg_info --egg-base ../../build/amr_bringup build --build-base /workspace/colcon_ws/build/amr_bringup/build install --record /workspace/colcon_ws/build/amr_bringup/install.log --single-version-externally-managed install_data
[0.594s] running egg_info
[0.594s] writing ../../build/amr_bringup/amr_bringup.egg-info/PKG-INFO
[0.595s] writing dependency_links to ../../build/amr_bringup/amr_bringup.egg-info/dependency_links.txt
[0.596s] writing entry points to ../../build/amr_bringup/amr_bringup.egg-info/entry_points.txt
[0.596s] writing requirements to ../../build/amr_bringup/amr_bringup.egg-info/requires.txt
[0.596s] writing top-level names to ../../build/amr_bringup/amr_bringup.egg-info/top_level.txt
[0.598s] reading manifest file '../../build/amr_bringup/amr_bringup.egg-info/SOURCES.txt'
[0.599s] writing manifest file '../../build/amr_bringup/amr_bringup.egg-info/SOURCES.txt'
[0.601s] running build
[0.601s] running build_py
[0.602s] copying amr_bringup/listener.py -> /workspace/colcon_ws/build/amr_bringup/build/lib/amr_bringup
[0.603s] running install
[0.603s] running install_lib
[0.605s] copying /workspace/colcon_ws/build/amr_bringup/build/lib/amr_bringup/listener.py -> /workspace/colcon_ws/install/amr_bringup/lib/python3.10/site-packages/amr_bringup
[0.606s] byte-compiling /workspace/colcon_ws/install/amr_bringup/lib/python3.10/site-packages/amr_bringup/listener.py to listener.cpython-310.pyc
[0.606s] running install_data
[0.607s] running install_egg_info
[0.608s] removing '/workspace/colcon_ws/install/amr_bringup/lib/python3.10/site-packages/amr_bringup-0.0.0-py3.10.egg-info' (and everything under it)
[0.608s] Copying ../../build/amr_bringup/amr_bringup.egg-info to /workspace/colcon_ws/install/amr_bringup/lib/python3.10/site-packages/amr_bringup-0.0.0-py3.10.egg-info
[0.610s] running install_scripts
[0.629s] Installing listener script to /workspace/colcon_ws/install/amr_bringup/lib/amr_bringup
[0.629s] Installing talker script to /workspace/colcon_ws/install/amr_bringup/lib/amr_bringup
[0.630s] writing list of installed files to '/workspace/colcon_ws/build/amr_bringup/install.log'
[0.645s] Invoked command in '/workspace/colcon_ws/src/amr_bringup' returned '0': PYTHONPATH=/workspace/colcon_ws/build/amr_bringup/prefix_override:/usr/lib/python3/dist-packages/colcon_core/task/python/colcon_distutils_commands:/workspace/colcon_ws/install/amr_bringup/lib/python3.10/site-packages:${PYTHONPATH} /usr/bin/python3 -W ignore:setup.py install is deprecated -W ignore:easy_install command is deprecated setup.py egg_info --egg-base ../../build/amr_bringup build --build-base /workspace/colcon_ws/build/amr_bringup/build install --record /workspace/colcon_ws/build/amr_bringup/install.log --single-version-externally-managed install_data
