[0.566s] DEBUG:colcon:Command line arguments: ['/usr/bin/colcon', 'build']
[0.566s] DEBUG:colcon:Parsed command line arguments: Namespace(log_base=None, log_level=None, verb_name='build', build_base='build', install_base='install', merge_install=False, symlink_install=False, test_result_base=None, continue_on_error=False, executor='parallel', parallel_workers=4, event_handlers=None, ignore_user_meta=False, metas=['./colcon.meta'], base_paths=['.'], packages_ignore=None, packages_ignore_regex=None, paths=None, packages_up_to=None, packages_up_to_regex=None, packages_above=None, packages_above_and_dependencies=None, packages_above_depth=None, packages_select_by_dep=None, packages_skip_by_dep=None, packages_skip_up_to=None, packages_select_build_failed=False, packages_skip_build_finished=False, packages_select_test_failures=False, packages_skip_test_passed=False, packages_select=None, packages_skip=None, packages_select_regex=None, packages_skip_regex=None, packages_start=None, packages_end=None, allow_overriding=[], cmake_args=None, cmake_target=None, cmake_target_skip_unavailable=False, cmake_clean_cache=False, cmake_clean_first=False, cmake_force_configure=False, ament_cmake_args=None, catkin_cmake_args=None, catkin_skip_building_tests=False, mixin_files=None, mixin=None, verb_parser=<colcon_mixin.mixin.mixin_argument.MixinArgumentDecorator object at 0x73ba17860af0>, verb_extension=<colcon_core.verb.build.BuildVerb object at 0x73ba17860640>, main=<bound method BuildVerb.main of <colcon_core.verb.build.BuildVerb object at 0x73ba17860640>>, mixin_verb=('build',))
[1.045s] Level 1:colcon.colcon_core.package_discovery:discover_packages(colcon_meta) check parameters
[1.046s] Level 1:colcon.colcon_core.package_discovery:discover_packages(recursive) check parameters
[1.046s] Level 1:colcon.colcon_core.package_discovery:discover_packages(ignore) check parameters
[1.046s] Level 1:colcon.colcon_core.package_discovery:discover_packages(path) check parameters
[1.046s] Level 1:colcon.colcon_core.package_discovery:discover_packages(colcon_meta) discover
[1.046s] Level 1:colcon.colcon_core.package_discovery:discover_packages(recursive) discover
[1.046s] INFO:colcon.colcon_core.package_discovery:Crawling recursively for packages in '/home/r-bansode/amr-ros/colcon_ws'
[1.046s] Level 1:colcon.colcon_core.package_identification:_identify(.) by extensions ['ignore', 'ignore_ament_install']
[1.046s] Level 1:colcon.colcon_core.package_identification:_identify(.) by extension 'ignore'
[1.046s] Level 1:colcon.colcon_core.package_identification:_identify(.) by extension 'ignore_ament_install'
[1.046s] Level 1:colcon.colcon_core.package_identification:_identify(.) by extensions ['colcon_pkg']
[1.046s] Level 1:colcon.colcon_core.package_identification:_identify(.) by extension 'colcon_pkg'
[1.046s] Level 1:colcon.colcon_core.package_identification:_identify(.) by extensions ['colcon_meta']
[1.047s] Level 1:colcon.colcon_core.package_identification:_identify(.) by extension 'colcon_meta'
[1.047s] Level 1:colcon.colcon_core.package_identification:_identify(.) by extensions ['ros']
[1.047s] Level 1:colcon.colcon_core.package_identification:_identify(.) by extension 'ros'
[1.058s] Level 1:colcon.colcon_core.package_identification:_identify(.) by extensions ['cmake', 'python']
[1.058s] Level 1:colcon.colcon_core.package_identification:_identify(.) by extension 'cmake'
[1.058s] Level 1:colcon.colcon_core.package_identification:_identify(.) by extension 'python'
[1.058s] Level 1:colcon.colcon_core.package_identification:_identify(.) by extensions ['python_setup_py']
[1.058s] Level 1:colcon.colcon_core.package_identification:_identify(.) by extension 'python_setup_py'
[1.058s] Level 1:colcon.colcon_core.package_identification:_identify(build) by extensions ['ignore', 'ignore_ament_install']
[1.059s] Level 1:colcon.colcon_core.package_identification:_identify(build) by extension 'ignore'
[1.059s] Level 1:colcon.colcon_core.package_identification:_identify(build) ignored
[1.059s] Level 1:colcon.colcon_core.package_identification:_identify(install) by extensions ['ignore', 'ignore_ament_install']
[1.059s] Level 1:colcon.colcon_core.package_identification:_identify(install) by extension 'ignore'
[1.059s] Level 1:colcon.colcon_core.package_identification:_identify(install) ignored
[1.059s] Level 1:colcon.colcon_core.package_identification:_identify(log) by extensions ['ignore', 'ignore_ament_install']
[1.059s] Level 1:colcon.colcon_core.package_identification:_identify(log) by extension 'ignore'
[1.059s] Level 1:colcon.colcon_core.package_identification:_identify(log) ignored
[1.059s] Level 1:colcon.colcon_core.package_identification:_identify(src) by extensions ['ignore', 'ignore_ament_install']
[1.060s] Level 1:colcon.colcon_core.package_identification:_identify(src) by extension 'ignore'
[1.060s] Level 1:colcon.colcon_core.package_identification:_identify(src) by extension 'ignore_ament_install'
[1.060s] Level 1:colcon.colcon_core.package_identification:_identify(src) by extensions ['colcon_pkg']
[1.060s] Level 1:colcon.colcon_core.package_identification:_identify(src) by extension 'colcon_pkg'
[1.060s] Level 1:colcon.colcon_core.package_identification:_identify(src) by extensions ['colcon_meta']
[1.060s] Level 1:colcon.colcon_core.package_identification:_identify(src) by extension 'colcon_meta'
[1.060s] Level 1:colcon.colcon_core.package_identification:_identify(src) by extensions ['ros']
[1.060s] Level 1:colcon.colcon_core.package_identification:_identify(src) by extension 'ros'
[1.060s] Level 1:colcon.colcon_core.package_identification:_identify(src) by extensions ['cmake', 'python']
[1.060s] Level 1:colcon.colcon_core.package_identification:_identify(src) by extension 'cmake'
[1.060s] Level 1:colcon.colcon_core.package_identification:_identify(src) by extension 'python'
[1.060s] Level 1:colcon.colcon_core.package_identification:_identify(src) by extensions ['python_setup_py']
[1.060s] Level 1:colcon.colcon_core.package_identification:_identify(src) by extension 'python_setup_py'
[1.060s] Level 1:colcon.colcon_core.package_identification:_identify(src/amr_bringup) by extensions ['ignore', 'ignore_ament_install']
[1.060s] Level 1:colcon.colcon_core.package_identification:_identify(src/amr_bringup) by extension 'ignore'
[1.060s] Level 1:colcon.colcon_core.package_identification:_identify(src/amr_bringup) by extension 'ignore_ament_install'
[1.060s] Level 1:colcon.colcon_core.package_identification:_identify(src/amr_bringup) by extensions ['colcon_pkg']
[1.060s] Level 1:colcon.colcon_core.package_identification:_identify(src/amr_bringup) by extension 'colcon_pkg'
[1.060s] Level 1:colcon.colcon_core.package_identification:_identify(src/amr_bringup) by extensions ['colcon_meta']
[1.060s] Level 1:colcon.colcon_core.package_identification:_identify(src/amr_bringup) by extension 'colcon_meta'
[1.060s] Level 1:colcon.colcon_core.package_identification:_identify(src/amr_bringup) by extensions ['ros']
[1.060s] Level 1:colcon.colcon_core.package_identification:_identify(src/amr_bringup) by extension 'ros'
[1.064s] DEBUG:colcon.colcon_core.package_identification:Package 'src/amr_bringup' with type 'ros.ament_python' and name 'amr_bringup'
[1.064s] Level 1:colcon.colcon_core.package_identification:_identify(src/amr_description) by extensions ['ignore', 'ignore_ament_install']
[1.064s] Level 1:colcon.colcon_core.package_identification:_identify(src/amr_description) by extension 'ignore'
[1.064s] Level 1:colcon.colcon_core.package_identification:_identify(src/amr_description) by extension 'ignore_ament_install'
[1.064s] Level 1:colcon.colcon_core.package_identification:_identify(src/amr_description) by extensions ['colcon_pkg']
[1.064s] Level 1:colcon.colcon_core.package_identification:_identify(src/amr_description) by extension 'colcon_pkg'
[1.064s] Level 1:colcon.colcon_core.package_identification:_identify(src/amr_description) by extensions ['colcon_meta']
[1.064s] Level 1:colcon.colcon_core.package_identification:_identify(src/amr_description) by extension 'colcon_meta'
[1.064s] Level 1:colcon.colcon_core.package_identification:_identify(src/amr_description) by extensions ['ros']
[1.064s] Level 1:colcon.colcon_core.package_identification:_identify(src/amr_description) by extension 'ros'
[1.065s] DEBUG:colcon.colcon_core.package_identification:Package 'src/amr_description' with type 'ros.ament_python' and name 'amr_description'
[1.065s] Level 1:colcon.colcon_core.package_discovery:discover_packages(recursive) using defaults
[1.065s] Level 1:colcon.colcon_core.package_discovery:discover_packages(ignore) discover
[1.065s] Level 1:colcon.colcon_core.package_discovery:discover_packages(ignore) using defaults
[1.066s] Level 1:colcon.colcon_core.package_discovery:discover_packages(path) discover
[1.066s] Level 1:colcon.colcon_core.package_discovery:discover_packages(path) using defaults
[1.107s] Level 1:colcon.colcon_core.package_discovery:discover_packages(prefix_path) check parameters
[1.107s] Level 1:colcon.colcon_core.package_discovery:discover_packages(prefix_path) discover
[1.115s] DEBUG:colcon.colcon_installed_package_information.package_discovery:Found 45 installed packages in /home/r-bansode/agv_ws/install
[1.117s] DEBUG:colcon.colcon_installed_package_information.package_discovery:Found 55 installed packages in /home/r-bansode/ws_moveit/install
[1.118s] DEBUG:colcon.colcon_installed_package_information.package_discovery:Found 504 installed packages in /opt/ros/humble
[1.120s] Level 1:colcon.colcon_core.package_discovery:discover_packages(prefix_path) using defaults
[1.453s] Level 5:colcon.colcon_core.verb:set package 'amr_bringup' build argument 'cmake_args' from command line to 'None'
[1.454s] Level 5:colcon.colcon_core.verb:set package 'amr_bringup' build argument 'cmake_target' from command line to 'None'
[1.454s] Level 5:colcon.colcon_core.verb:set package 'amr_bringup' build argument 'cmake_target_skip_unavailable' from command line to 'False'
[1.454s] Level 5:colcon.colcon_core.verb:set package 'amr_bringup' build argument 'cmake_clean_cache' from command line to 'False'
[1.454s] Level 5:colcon.colcon_core.verb:set package 'amr_bringup' build argument 'cmake_clean_first' from command line to 'False'
[1.454s] Level 5:colcon.colcon_core.verb:set package 'amr_bringup' build argument 'cmake_force_configure' from command line to 'False'
[1.454s] Level 5:colcon.colcon_core.verb:set package 'amr_bringup' build argument 'ament_cmake_args' from command line to 'None'
[1.454s] Level 5:colcon.colcon_core.verb:set package 'amr_bringup' build argument 'catkin_cmake_args' from command line to 'None'
[1.454s] Level 5:colcon.colcon_core.verb:set package 'amr_bringup' build argument 'catkin_skip_building_tests' from command line to 'False'
[1.454s] DEBUG:colcon.colcon_core.verb:Building package 'amr_bringup' with the following arguments: {'ament_cmake_args': None, 'build_base': '/home/r-bansode/amr-ros/colcon_ws/build/amr_bringup', 'catkin_cmake_args': None, 'catkin_skip_building_tests': False, 'cmake_args': None, 'cmake_clean_cache': False, 'cmake_clean_first': False, 'cmake_force_configure': False, 'cmake_target': None, 'cmake_target_skip_unavailable': False, 'install_base': '/home/r-bansode/amr-ros/colcon_ws/install/amr_bringup', 'merge_install': False, 'path': '/home/r-bansode/amr-ros/colcon_ws/src/amr_bringup', 'symlink_install': False, 'test_result_base': None}
[1.454s] Level 5:colcon.colcon_core.verb:set package 'amr_description' build argument 'cmake_args' from command line to 'None'
[1.454s] Level 5:colcon.colcon_core.verb:set package 'amr_description' build argument 'cmake_target' from command line to 'None'
[1.454s] Level 5:colcon.colcon_core.verb:set package 'amr_description' build argument 'cmake_target_skip_unavailable' from command line to 'False'
[1.454s] Level 5:colcon.colcon_core.verb:set package 'amr_description' build argument 'cmake_clean_cache' from command line to 'False'
[1.455s] Level 5:colcon.colcon_core.verb:set package 'amr_description' build argument 'cmake_clean_first' from command line to 'False'
[1.455s] Level 5:colcon.colcon_core.verb:set package 'amr_description' build argument 'cmake_force_configure' from command line to 'False'
[1.455s] Level 5:colcon.colcon_core.verb:set package 'amr_description' build argument 'ament_cmake_args' from command line to 'None'
[1.455s] Level 5:colcon.colcon_core.verb:set package 'amr_description' build argument 'catkin_cmake_args' from command line to 'None'
[1.455s] Level 5:colcon.colcon_core.verb:set package 'amr_description' build argument 'catkin_skip_building_tests' from command line to 'False'
[1.455s] DEBUG:colcon.colcon_core.verb:Building package 'amr_description' with the following arguments: {'ament_cmake_args': None, 'build_base': '/home/r-bansode/amr-ros/colcon_ws/build/amr_description', 'catkin_cmake_args': None, 'catkin_skip_building_tests': False, 'cmake_args': None, 'cmake_clean_cache': False, 'cmake_clean_first': False, 'cmake_force_configure': False, 'cmake_target': None, 'cmake_target_skip_unavailable': False, 'install_base': '/home/r-bansode/amr-ros/colcon_ws/install/amr_description', 'merge_install': False, 'path': '/home/r-bansode/amr-ros/colcon_ws/src/amr_description', 'symlink_install': False, 'test_result_base': None}
[1.455s] INFO:colcon.colcon_core.executor:Executing jobs using 'parallel' executor
[1.457s] DEBUG:colcon.colcon_parallel_executor.executor.parallel:run_until_complete
[1.457s] INFO:colcon.colcon_ros.task.ament_python.build:Building ROS package in '/home/r-bansode/amr-ros/colcon_ws/src/amr_bringup' with build type 'ament_python'
[1.458s] Level 1:colcon.colcon_core.shell:create_environment_hook('amr_bringup', 'ament_prefix_path')
[1.467s] INFO:colcon.colcon_core.plugin_system:Skipping extension 'colcon_core.shell.bat': Not used on non-Windows systems
[1.467s] INFO:colcon.colcon_core.shell:Creating environment hook '/home/r-bansode/amr-ros/colcon_ws/install/amr_bringup/share/amr_bringup/hook/ament_prefix_path.ps1'
[1.469s] INFO:colcon.colcon_core.shell:Creating environment descriptor '/home/r-bansode/amr-ros/colcon_ws/install/amr_bringup/share/amr_bringup/hook/ament_prefix_path.dsv'
[1.470s] INFO:colcon.colcon_core.shell:Creating environment hook '/home/r-bansode/amr-ros/colcon_ws/install/amr_bringup/share/amr_bringup/hook/ament_prefix_path.sh'
[1.471s] INFO:colcon.colcon_core.shell:Skip shell extension 'powershell' for command environment: Not usable outside of PowerShell
[1.471s] DEBUG:colcon.colcon_core.shell:Skip shell extension 'dsv' for command environment
[1.479s] INFO:colcon.colcon_ros.task.ament_python.build:Building ROS package in '/home/r-bansode/amr-ros/colcon_ws/src/amr_description' with build type 'ament_python'
[1.479s] Level 1:colcon.colcon_core.shell:create_environment_hook('amr_description', 'ament_prefix_path')
[1.479s] INFO:colcon.colcon_core.shell:Creating environment hook '/home/r-bansode/amr-ros/colcon_ws/install/amr_description/share/amr_description/hook/ament_prefix_path.ps1'
[1.479s] INFO:colcon.colcon_core.shell:Creating environment descriptor '/home/r-bansode/amr-ros/colcon_ws/install/amr_description/share/amr_description/hook/ament_prefix_path.dsv'
[1.480s] INFO:colcon.colcon_core.shell:Creating environment hook '/home/r-bansode/amr-ros/colcon_ws/install/amr_description/share/amr_description/hook/ament_prefix_path.sh'
[1.480s] INFO:colcon.colcon_core.shell:Skip shell extension 'powershell' for command environment: Not usable outside of PowerShell
[1.480s] DEBUG:colcon.colcon_core.shell:Skip shell extension 'dsv' for command environment
[1.723s] WARNING:colcon.colcon_ros.task.ament_python.build:Package 'amr_bringup' doesn't explicitly install a marker in the package index (colcon-ros currently does it implicitly but that fallback will be removed in the future)
[1.724s] INFO:colcon.colcon_core.task.python.build:Building Python package in '/home/r-bansode/amr-ros/colcon_ws/src/amr_bringup'
[1.724s] INFO:colcon.colcon_core.shell:Skip shell extension 'powershell' for command environment: Not usable outside of PowerShell
[1.724s] DEBUG:colcon.colcon_core.shell:Skip shell extension 'dsv' for command environment
[1.990s] INFO:colcon.colcon_core.task.python.build:Building Python package in '/home/r-bansode/amr-ros/colcon_ws/src/amr_description'
[1.991s] INFO:colcon.colcon_core.shell:Skip shell extension 'powershell' for command environment: Not usable outside of PowerShell
[1.991s] DEBUG:colcon.colcon_core.shell:Skip shell extension 'dsv' for command environment
[2.510s] DEBUG:colcon.colcon_core.event_handler.log_command:Invoking command in '/home/r-bansode/amr-ros/colcon_ws/src/amr_bringup': PYTHONPATH=/home/r-bansode/amr-ros/colcon_ws/build/amr_bringup/prefix_override:/usr/lib/python3/dist-packages/colcon_core/task/python/colcon_distutils_commands:/home/r-bansode/amr-ros/colcon_ws/install/amr_bringup/lib/python3.10/site-packages:${PYTHONPATH} /usr/bin/python3 -W ignore:setup.py install is deprecated -W ignore:easy_install command is deprecated setup.py egg_info --egg-base ../../build/amr_bringup build --build-base /home/r-bansode/amr-ros/colcon_ws/build/amr_bringup/build install --record /home/r-bansode/amr-ros/colcon_ws/build/amr_bringup/install.log --single-version-externally-managed install_data
[2.519s] DEBUG:colcon.colcon_core.event_handler.log_command:Invoking command in '/home/r-bansode/amr-ros/colcon_ws/src/amr_description': PYTHONPATH=/home/r-bansode/amr-ros/colcon_ws/build/amr_description/prefix_override:/usr/lib/python3/dist-packages/colcon_core/task/python/colcon_distutils_commands:/home/r-bansode/amr-ros/colcon_ws/install/amr_description/lib/python3.10/site-packages:${PYTHONPATH} /usr/bin/python3 -W ignore:setup.py install is deprecated -W ignore:easy_install command is deprecated setup.py egg_info --egg-base ../../build/amr_description build --build-base /home/r-bansode/amr-ros/colcon_ws/build/amr_description/build install --record /home/r-bansode/amr-ros/colcon_ws/build/amr_description/install.log --single-version-externally-managed install_data
[2.787s] DEBUG:colcon.colcon_core.event_handler.log_command:Invoked command in '/home/r-bansode/amr-ros/colcon_ws/src/amr_bringup' returned '0': PYTHONPATH=/home/r-bansode/amr-ros/colcon_ws/build/amr_bringup/prefix_override:/usr/lib/python3/dist-packages/colcon_core/task/python/colcon_distutils_commands:/home/r-bansode/amr-ros/colcon_ws/install/amr_bringup/lib/python3.10/site-packages:${PYTHONPATH} /usr/bin/python3 -W ignore:setup.py install is deprecated -W ignore:easy_install command is deprecated setup.py egg_info --egg-base ../../build/amr_bringup build --build-base /home/r-bansode/amr-ros/colcon_ws/build/amr_bringup/build install --record /home/r-bansode/amr-ros/colcon_ws/build/amr_bringup/install.log --single-version-externally-managed install_data
[2.801s] Level 1:colcon.colcon_core.environment:checking '/home/r-bansode/amr-ros/colcon_ws/install/amr_bringup' for CMake module files
[2.801s] Level 1:colcon.colcon_core.environment:checking '/home/r-bansode/amr-ros/colcon_ws/install/amr_bringup' for CMake config files
[2.802s] Level 1:colcon.colcon_core.environment:checking '/home/r-bansode/amr-ros/colcon_ws/install/amr_bringup/lib'
[2.802s] Level 1:colcon.colcon_core.environment:checking '/home/r-bansode/amr-ros/colcon_ws/install/amr_bringup/bin'
[2.802s] Level 1:colcon.colcon_core.environment:checking '/home/r-bansode/amr-ros/colcon_ws/install/amr_bringup/lib/pkgconfig/amr_bringup.pc'
[2.803s] Level 1:colcon.colcon_core.environment:checking '/home/r-bansode/amr-ros/colcon_ws/install/amr_bringup/lib/python3.10/site-packages'
[2.803s] Level 1:colcon.colcon_core.shell:create_environment_hook('amr_bringup', 'pythonpath')
[2.803s] INFO:colcon.colcon_core.shell:Creating environment hook '/home/r-bansode/amr-ros/colcon_ws/install/amr_bringup/share/amr_bringup/hook/pythonpath.ps1'
[2.803s] INFO:colcon.colcon_core.shell:Creating environment descriptor '/home/r-bansode/amr-ros/colcon_ws/install/amr_bringup/share/amr_bringup/hook/pythonpath.dsv'
[2.804s] INFO:colcon.colcon_core.shell:Creating environment hook '/home/r-bansode/amr-ros/colcon_ws/install/amr_bringup/share/amr_bringup/hook/pythonpath.sh'
[2.805s] Level 1:colcon.colcon_core.environment:checking '/home/r-bansode/amr-ros/colcon_ws/install/amr_bringup/bin'
[2.805s] Level 1:colcon.colcon_core.environment:create_environment_scripts_only(amr_bringup)
[2.805s] INFO:colcon.colcon_core.shell:Creating package script '/home/r-bansode/amr-ros/colcon_ws/install/amr_bringup/share/amr_bringup/package.ps1'
[2.807s] INFO:colcon.colcon_core.shell:Creating package descriptor '/home/r-bansode/amr-ros/colcon_ws/install/amr_bringup/share/amr_bringup/package.dsv'
[2.808s] INFO:colcon.colcon_core.shell:Creating package script '/home/r-bansode/amr-ros/colcon_ws/install/amr_bringup/share/amr_bringup/package.sh'
[2.809s] INFO:colcon.colcon_core.shell:Creating package script '/home/r-bansode/amr-ros/colcon_ws/install/amr_bringup/share/amr_bringup/package.bash'
[2.811s] INFO:colcon.colcon_core.shell:Creating package script '/home/r-bansode/amr-ros/colcon_ws/install/amr_bringup/share/amr_bringup/package.zsh'
[2.813s] Level 1:colcon.colcon_core.environment:create_file_with_runtime_dependencies(/home/r-bansode/amr-ros/colcon_ws/install/amr_bringup/share/colcon-core/packages/amr_bringup)
[2.830s] Level 1:colcon.colcon_core.environment:checking '/home/r-bansode/amr-ros/colcon_ws/install/amr_description' for CMake module files
[2.830s] Level 1:colcon.colcon_core.environment:checking '/home/r-bansode/amr-ros/colcon_ws/install/amr_description' for CMake config files
[2.833s] Level 1:colcon.colcon_core.environment:checking '/home/r-bansode/amr-ros/colcon_ws/install/amr_description/lib'
[2.833s] Level 1:colcon.colcon_core.environment:checking '/home/r-bansode/amr-ros/colcon_ws/install/amr_description/bin'
[2.833s] Level 1:colcon.colcon_core.environment:checking '/home/r-bansode/amr-ros/colcon_ws/install/amr_description/lib/pkgconfig/amr_description.pc'
[2.833s] Level 1:colcon.colcon_core.environment:checking '/home/r-bansode/amr-ros/colcon_ws/install/amr_description/lib/python3.10/site-packages'
[2.834s] Level 1:colcon.colcon_core.shell:create_environment_hook('amr_description', 'pythonpath')
[2.834s] INFO:colcon.colcon_core.shell:Creating environment hook '/home/r-bansode/amr-ros/colcon_ws/install/amr_description/share/amr_description/hook/pythonpath.ps1'
[2.834s] DEBUG:colcon.colcon_core.event_handler.log_command:Invoked command in '/home/r-bansode/amr-ros/colcon_ws/src/amr_description' returned '0': PYTHONPATH=/home/r-bansode/amr-ros/colcon_ws/build/amr_description/prefix_override:/usr/lib/python3/dist-packages/colcon_core/task/python/colcon_distutils_commands:/home/r-bansode/amr-ros/colcon_ws/install/amr_description/lib/python3.10/site-packages:${PYTHONPATH} /usr/bin/python3 -W ignore:setup.py install is deprecated -W ignore:easy_install command is deprecated setup.py egg_info --egg-base ../../build/amr_description build --build-base /home/r-bansode/amr-ros/colcon_ws/build/amr_description/build install --record /home/r-bansode/amr-ros/colcon_ws/build/amr_description/install.log --single-version-externally-managed install_data
[2.835s] INFO:colcon.colcon_core.shell:Creating environment descriptor '/home/r-bansode/amr-ros/colcon_ws/install/amr_description/share/amr_description/hook/pythonpath.dsv'
[2.836s] INFO:colcon.colcon_core.shell:Creating environment hook '/home/r-bansode/amr-ros/colcon_ws/install/amr_description/share/amr_description/hook/pythonpath.sh'
[2.838s] Level 1:colcon.colcon_core.environment:checking '/home/r-bansode/amr-ros/colcon_ws/install/amr_description/bin'
[2.838s] Level 1:colcon.colcon_core.environment:create_environment_scripts_only(amr_description)
[2.838s] INFO:colcon.colcon_core.shell:Creating package script '/home/r-bansode/amr-ros/colcon_ws/install/amr_description/share/amr_description/package.ps1'
[2.839s] INFO:colcon.colcon_core.shell:Creating package descriptor '/home/r-bansode/amr-ros/colcon_ws/install/amr_description/share/amr_description/package.dsv'
[2.839s] INFO:colcon.colcon_core.shell:Creating package script '/home/r-bansode/amr-ros/colcon_ws/install/amr_description/share/amr_description/package.sh'
[2.840s] INFO:colcon.colcon_core.shell:Creating package script '/home/r-bansode/amr-ros/colcon_ws/install/amr_description/share/amr_description/package.bash'
[2.841s] INFO:colcon.colcon_core.shell:Creating package script '/home/r-bansode/amr-ros/colcon_ws/install/amr_description/share/amr_description/package.zsh'
[2.841s] Level 1:colcon.colcon_core.environment:create_file_with_runtime_dependencies(/home/r-bansode/amr-ros/colcon_ws/install/amr_description/share/colcon-core/packages/amr_description)
[2.841s] DEBUG:colcon.colcon_parallel_executor.executor.parallel:closing loop
[2.842s] DEBUG:colcon.colcon_parallel_executor.executor.parallel:loop closed
[2.842s] DEBUG:colcon.colcon_parallel_executor.executor.parallel:run_until_complete finished with '0'
[2.842s] DEBUG:colcon.colcon_core.event_reactor:joining thread
[2.853s] INFO:colcon.colcon_core.plugin_system:Skipping extension 'colcon_notification.desktop_notification.terminal_notifier': Not used on non-Darwin systems
[2.853s] INFO:colcon.colcon_core.plugin_system:Skipping extension 'colcon_notification.desktop_notification.win32': Not used on non-Windows systems
[2.853s] INFO:colcon.colcon_notification.desktop_notification:Sending desktop notification using 'notify2'
[2.881s] DEBUG:colcon.colcon_core.event_reactor:joined thread
[2.882s] INFO:colcon.colcon_core.shell:Creating prefix script '/home/r-bansode/amr-ros/colcon_ws/install/local_setup.ps1'
[2.884s] INFO:colcon.colcon_core.shell:Creating prefix util module '/home/r-bansode/amr-ros/colcon_ws/install/_local_setup_util_ps1.py'
[2.887s] INFO:colcon.colcon_core.shell:Creating prefix chain script '/home/r-bansode/amr-ros/colcon_ws/install/setup.ps1'
[2.892s] INFO:colcon.colcon_core.shell:Creating prefix script '/home/r-bansode/amr-ros/colcon_ws/install/local_setup.sh'
[2.894s] INFO:colcon.colcon_core.shell:Creating prefix util module '/home/r-bansode/amr-ros/colcon_ws/install/_local_setup_util_sh.py'
[2.896s] INFO:colcon.colcon_core.shell:Creating prefix chain script '/home/r-bansode/amr-ros/colcon_ws/install/setup.sh'
[2.901s] INFO:colcon.colcon_core.shell:Creating prefix script '/home/r-bansode/amr-ros/colcon_ws/install/local_setup.bash'
[2.902s] INFO:colcon.colcon_core.shell:Creating prefix chain script '/home/r-bansode/amr-ros/colcon_ws/install/setup.bash'
[2.905s] INFO:colcon.colcon_core.shell:Creating prefix script '/home/r-bansode/amr-ros/colcon_ws/install/local_setup.zsh'
[2.907s] INFO:colcon.colcon_core.shell:Creating prefix chain script '/home/r-bansode/amr-ros/colcon_ws/install/setup.zsh'
