[0.970s] Invoking command in '/home/r-bansode/amr-ros/colcon_ws/build/amr_bringup': PYTHONPATH=/home/r-bansode/amr-ros/colcon_ws/build/amr_bringup/prefix_override:/usr/lib/python3/dist-packages/colcon_core/task/python/colcon_distutils_commands:/home/r-bansode/amr-ros/colcon_ws/install/amr_bringup/lib/python3.10/site-packages:${PYTHONPATH} /usr/bin/python3 -W ignore:setup.py install is deprecated -W ignore:easy_install command is deprecated setup.py develop --uninstall --editable --build-directory /home/r-bansode/amr-ros/colcon_ws/build/amr_bringup/build
[1.239s] running develop
[1.433s] Removing /home/r-bansode/amr-ros/colcon_ws/install/amr_bringup/lib/python3.10/site-packages/amr-bringup.egg-link (link to .)
[1.437s] Invoked command in '/home/r-bansode/amr-ros/colcon_ws/build/amr_bringup' returned '0': PYTHONPATH=/home/r-bansode/amr-ros/colcon_ws/build/amr_bringup/prefix_override:/usr/lib/python3/dist-packages/colcon_core/task/python/colcon_distutils_commands:/home/r-bansode/amr-ros/colcon_ws/install/amr_bringup/lib/python3.10/site-packages:${PYTHONPATH} /usr/bin/python3 -W ignore:setup.py install is deprecated -W ignore:easy_install command is deprecated setup.py develop --uninstall --editable --build-directory /home/r-bansode/amr-ros/colcon_ws/build/amr_bringup/build
[1.437s] Invoking command in '/home/r-bansode/amr-ros/colcon_ws/src/amr_bringup': PYTHONPATH=/home/r-bansode/amr-ros/colcon_ws/build/amr_bringup/prefix_override:/usr/lib/python3/dist-packages/colcon_core/task/python/colcon_distutils_commands:/home/r-bansode/amr-ros/colcon_ws/install/amr_bringup/lib/python3.10/site-packages:${PYTHONPATH} /usr/bin/python3 -W ignore:setup.py install is deprecated -W ignore:easy_install command is deprecated setup.py egg_info --egg-base ../../build/amr_bringup build --build-base /home/r-bansode/amr-ros/colcon_ws/build/amr_bringup/build install --record /home/r-bansode/amr-ros/colcon_ws/build/amr_bringup/install.log --single-version-externally-managed install_data --force
[1.649s] running egg_info
[1.649s] writing ../../build/amr_bringup/amr_bringup.egg-info/PKG-INFO
[1.671s] writing dependency_links to ../../build/amr_bringup/amr_bringup.egg-info/dependency_links.txt
[1.671s] writing entry points to ../../build/amr_bringup/amr_bringup.egg-info/entry_points.txt
[1.671s] writing requirements to ../../build/amr_bringup/amr_bringup.egg-info/requires.txt
[1.671s] writing top-level names to ../../build/amr_bringup/amr_bringup.egg-info/top_level.txt
[1.671s] reading manifest file '../../build/amr_bringup/amr_bringup.egg-info/SOURCES.txt'
[1.671s] writing manifest file '../../build/amr_bringup/amr_bringup.egg-info/SOURCES.txt'
[1.671s] running build
[1.671s] running build_py
[1.671s] creating /home/r-bansode/amr-ros/colcon_ws/build/amr_bringup/build
[1.671s] creating /home/r-bansode/amr-ros/colcon_ws/build/amr_bringup/build/lib
[1.671s] creating /home/r-bansode/amr-ros/colcon_ws/build/amr_bringup/build/lib/amr_bringup
[1.671s] copying amr_bringup/__init__.py -> /home/r-bansode/amr-ros/colcon_ws/build/amr_bringup/build/lib/amr_bringup
[1.671s] copying amr_bringup/listener.py -> /home/r-bansode/amr-ros/colcon_ws/build/amr_bringup/build/lib/amr_bringup
[1.671s] copying amr_bringup/talker.py -> /home/r-bansode/amr-ros/colcon_ws/build/amr_bringup/build/lib/amr_bringup
[1.671s] running install
[1.683s] running install_lib
[1.684s] creating /home/r-bansode/amr-ros/colcon_ws/install/amr_bringup/lib/python3.10/site-packages/amr_bringup
[1.684s] copying /home/r-bansode/amr-ros/colcon_ws/build/amr_bringup/build/lib/amr_bringup/__init__.py -> /home/r-bansode/amr-ros/colcon_ws/install/amr_bringup/lib/python3.10/site-packages/amr_bringup
[1.689s] copying /home/r-bansode/amr-ros/colcon_ws/build/amr_bringup/build/lib/amr_bringup/listener.py -> /home/r-bansode/amr-ros/colcon_ws/install/amr_bringup/lib/python3.10/site-packages/amr_bringup
[1.689s] copying /home/r-bansode/amr-ros/colcon_ws/build/amr_bringup/build/lib/amr_bringup/talker.py -> /home/r-bansode/amr-ros/colcon_ws/install/amr_bringup/lib/python3.10/site-packages/amr_bringup
[1.689s] byte-compiling /home/r-bansode/amr-ros/colcon_ws/install/amr_bringup/lib/python3.10/site-packages/amr_bringup/__init__.py to __init__.cpython-310.pyc
[1.689s] byte-compiling /home/r-bansode/amr-ros/colcon_ws/install/amr_bringup/lib/python3.10/site-packages/amr_bringup/listener.py to listener.cpython-310.pyc
[1.689s] byte-compiling /home/r-bansode/amr-ros/colcon_ws/install/amr_bringup/lib/python3.10/site-packages/amr_bringup/talker.py to talker.cpython-310.pyc
[1.690s] running install_data
[1.690s] copying package.xml -> /home/r-bansode/amr-ros/colcon_ws/install/amr_bringup/share/amr_bringup
[1.690s] copying launch/talker_listener.launch.py -> /home/r-bansode/amr-ros/colcon_ws/install/amr_bringup/share/amr_bringup/launch
[1.691s] running install_egg_info
[1.691s] Copying ../../build/amr_bringup/amr_bringup.egg-info to /home/r-bansode/amr-ros/colcon_ws/install/amr_bringup/lib/python3.10/site-packages/amr_bringup-0.0.0-py3.10.egg-info
[1.691s] running install_scripts
[1.695s] Installing listener script to /home/r-bansode/amr-ros/colcon_ws/install/amr_bringup/lib/amr_bringup
[1.696s] Installing talker script to /home/r-bansode/amr-ros/colcon_ws/install/amr_bringup/lib/amr_bringup
[1.696s] writing list of installed files to '/home/r-bansode/amr-ros/colcon_ws/build/amr_bringup/install.log'
[1.724s] Invoked command in '/home/r-bansode/amr-ros/colcon_ws/src/amr_bringup' returned '0': PYTHONPATH=/home/r-bansode/amr-ros/colcon_ws/build/amr_bringup/prefix_override:/usr/lib/python3/dist-packages/colcon_core/task/python/colcon_distutils_commands:/home/r-bansode/amr-ros/colcon_ws/install/amr_bringup/lib/python3.10/site-packages:${PYTHONPATH} /usr/bin/python3 -W ignore:setup.py install is deprecated -W ignore:easy_install command is deprecated setup.py egg_info --egg-base ../../build/amr_bringup build --build-base /home/r-bansode/amr-ros/colcon_ws/build/amr_bringup/build install --record /home/r-bansode/amr-ros/colcon_ws/build/amr_bringup/install.log --single-version-externally-managed install_data --force
