running egg_info
creating ../../build/amr_bringup/amr_bringup.egg-info
writing ../../build/amr_bringup/amr_bringup.egg-info/PKG-INFO
writing dependency_links to ../../build/amr_bringup/amr_bringup.egg-info/dependency_links.txt
writing entry points to ../../build/amr_bringup/amr_bringup.egg-info/entry_points.txt
writing requirements to ../../build/amr_bringup/amr_bringup.egg-info/requires.txt
writing top-level names to ../../build/amr_bringup/amr_bringup.egg-info/top_level.txt
writing manifest file '../../build/amr_bringup/amr_bringup.egg-info/SOURCES.txt'
reading manifest file '../../build/amr_bringup/amr_bringup.egg-info/SOURCES.txt'
writing manifest file '../../build/amr_bringup/amr_bringup.egg-info/SOURCES.txt'
running build
running build_py
creating /home/r-bansode/amr-ros/colcon_ws/build/amr_bringup/build
creating /home/r-bansode/amr-ros/colcon_ws/build/amr_bringup/build/lib
creating /home/r-bansode/amr-ros/colcon_ws/build/amr_bringup/build/lib/amr_bringup
copying amr_bringup/__init__.py -> /home/r-bansode/amr-ros/colcon_ws/build/amr_bringup/build/lib/amr_bringup
copying amr_bringup/listener.py -> /home/r-bansode/amr-ros/colcon_ws/build/amr_bringup/build/lib/amr_bringup
copying amr_bringup/talker.py -> /home/r-bansode/amr-ros/colcon_ws/build/amr_bringup/build/lib/amr_bringup
running install
running install_lib
creating /home/r-bansode/amr-ros/colcon_ws/install/amr_bringup/lib/python3.10/site-packages/amr_bringup
copying /home/r-bansode/amr-ros/colcon_ws/build/amr_bringup/build/lib/amr_bringup/__init__.py -> /home/r-bansode/amr-ros/colcon_ws/install/amr_bringup/lib/python3.10/site-packages/amr_bringup
copying /home/r-bansode/amr-ros/colcon_ws/build/amr_bringup/build/lib/amr_bringup/listener.py -> /home/r-bansode/amr-ros/colcon_ws/install/amr_bringup/lib/python3.10/site-packages/amr_bringup
copying /home/r-bansode/amr-ros/colcon_ws/build/amr_bringup/build/lib/amr_bringup/talker.py -> /home/r-bansode/amr-ros/colcon_ws/install/amr_bringup/lib/python3.10/site-packages/amr_bringup
byte-compiling /home/r-bansode/amr-ros/colcon_ws/install/amr_bringup/lib/python3.10/site-packages/amr_bringup/__init__.py to __init__.cpython-310.pyc
byte-compiling /home/r-bansode/amr-ros/colcon_ws/install/amr_bringup/lib/python3.10/site-packages/amr_bringup/listener.py to listener.cpython-310.pyc
byte-compiling /home/r-bansode/amr-ros/colcon_ws/install/amr_bringup/lib/python3.10/site-packages/amr_bringup/talker.py to talker.cpython-310.pyc
running install_data
running install_egg_info
Copying ../../build/amr_bringup/amr_bringup.egg-info to /home/r-bansode/amr-ros/colcon_ws/install/amr_bringup/lib/python3.10/site-packages/amr_bringup-0.0.0-py3.10.egg-info
running install_scripts
Installing listener script to /home/r-bansode/amr-ros/colcon_ws/install/amr_bringup/lib/amr_bringup
Installing talker script to /home/r-bansode/amr-ros/colcon_ws/install/amr_bringup/lib/amr_bringup
writing list of installed files to '/home/r-bansode/amr-ros/colcon_ws/build/amr_bringup/install.log'
