[1.023s] Invoking command in '/home/r-bansode/amr-ros/colcon_ws/src/amr_description': PYTHONPATH=/home/r-bansode/amr-ros/colcon_ws/build/amr_description/prefix_override:/usr/lib/python3/dist-packages/colcon_core/task/python/colcon_distutils_commands:/home/r-bansode/amr-ros/colcon_ws/install/amr_description/lib/python3.10/site-packages:${PYTHONPATH} /usr/bin/python3 -W ignore:setup.py install is deprecated -W ignore:easy_install command is deprecated setup.py egg_info --egg-base ../../build/amr_description build --build-base /home/r-bansode/amr-ros/colcon_ws/build/amr_description/build install --record /home/r-bansode/amr-ros/colcon_ws/build/amr_description/install.log --single-version-externally-managed install_data
[1.270s] running egg_info
[1.271s] writing ../../build/amr_description/amr_description.egg-info/PKG-INFO
[1.272s] writing dependency_links to ../../build/amr_description/amr_description.egg-info/dependency_links.txt
[1.272s] writing entry points to ../../build/amr_description/amr_description.egg-info/entry_points.txt
[1.273s] writing requirements to ../../build/amr_description/amr_description.egg-info/requires.txt
[1.273s] writing top-level names to ../../build/amr_description/amr_description.egg-info/top_level.txt
[1.275s] reading manifest file '../../build/amr_description/amr_description.egg-info/SOURCES.txt'
[1.276s] writing manifest file '../../build/amr_description/amr_description.egg-info/SOURCES.txt'
[1.276s] running build
[1.276s] running build_py
[1.276s] running install
[1.277s] running install_lib
[1.279s] running install_data
[1.279s] running install_egg_info
[1.281s] removing '/home/r-bansode/amr-ros/colcon_ws/install/amr_description/lib/python3.10/site-packages/amr_description-0.0.0-py3.10.egg-info' (and everything under it)
[1.285s] Copying ../../build/amr_description/amr_description.egg-info to /home/r-bansode/amr-ros/colcon_ws/install/amr_description/lib/python3.10/site-packages/amr_description-0.0.0-py3.10.egg-info
[1.285s] running install_scripts
[1.305s] Installing battery_sim script to /home/r-bansode/amr-ros/colcon_ws/install/amr_description/lib/amr_description
[1.307s] Installing charger_dock_monitor script to /home/r-bansode/amr-ros/colcon_ws/install/amr_description/lib/amr_description
[1.307s] Installing ground_truth_waypoint_follower.py script to /home/r-bansode/amr-ros/colcon_ws/install/amr_description/lib/amr_description
[1.307s] Installing nav2navigator script to /home/r-bansode/amr-ros/colcon_ws/install/amr_description/lib/amr_description
[1.307s] Installing obstacle_detection_node script to /home/r-bansode/amr-ros/colcon_ws/install/amr_description/lib/amr_description
[1.307s] Installing odom_sim_filter script to /home/r-bansode/amr-ros/colcon_ws/install/amr_description/lib/amr_description
[1.307s] writing list of installed files to '/home/r-bansode/amr-ros/colcon_ws/build/amr_description/install.log'
[1.332s] Invoked command in '/home/r-bansode/amr-ros/colcon_ws/src/amr_description' returned '0': PYTHONPATH=/home/r-bansode/amr-ros/colcon_ws/build/amr_description/prefix_override:/usr/lib/python3/dist-packages/colcon_core/task/python/colcon_distutils_commands:/home/r-bansode/amr-ros/colcon_ws/install/amr_description/lib/python3.10/site-packages:${PYTHONPATH} /usr/bin/python3 -W ignore:setup.py install is deprecated -W ignore:easy_install command is deprecated setup.py egg_info --egg-base ../../build/amr_description build --build-base /home/r-bansode/amr-ros/colcon_ws/build/amr_description/build install --record /home/r-bansode/amr-ros/colcon_ws/build/amr_description/install.log --single-version-externally-managed install_data
