[0.928s] Invoking command in '/home/r-bansode/amr-ros/colcon_ws/src/amr_bringup': PYTHONPATH=/home/r-bansode/amr-ros/colcon_ws/build/amr_bringup/prefix_override:/usr/lib/python3/dist-packages/colcon_core/task/python/colcon_distutils_commands:/home/r-bansode/amr-ros/colcon_ws/install/amr_bringup/lib/python3.10/site-packages:${PYTHONPATH} /usr/bin/python3 -W ignore:setup.py install is deprecated -W ignore:easy_install command is deprecated setup.py egg_info --egg-base ../../build/amr_bringup build --build-base /home/r-bansode/amr-ros/colcon_ws/build/amr_bringup/build install --record /home/r-bansode/amr-ros/colcon_ws/build/amr_bringup/install.log --single-version-externally-managed install_data
[1.221s] running egg_info
[1.233s] writing ../../build/amr_bringup/amr_bringup.egg-info/PKG-INFO
[1.233s] writing dependency_links to ../../build/amr_bringup/amr_bringup.egg-info/dependency_links.txt
[1.233s] writing entry points to ../../build/amr_bringup/amr_bringup.egg-info/entry_points.txt
[1.233s] writing requirements to ../../build/amr_bringup/amr_bringup.egg-info/requires.txt
[1.233s] writing top-level names to ../../build/amr_bringup/amr_bringup.egg-info/top_level.txt
[1.235s] reading manifest file '../../build/amr_bringup/amr_bringup.egg-info/SOURCES.txt'
[1.236s] writing manifest file '../../build/amr_bringup/amr_bringup.egg-info/SOURCES.txt'
[1.237s] running build
[1.237s] running build_py
[1.238s] running install
[1.238s] running install_lib
[1.240s] running install_data
[1.240s] running install_egg_info
[1.244s] removing '/home/r-bansode/amr-ros/colcon_ws/install/amr_bringup/lib/python3.10/site-packages/amr_bringup-0.0.0-py3.10.egg-info' (and everything under it)
[1.245s] Copying ../../build/amr_bringup/amr_bringup.egg-info to /home/r-bansode/amr-ros/colcon_ws/install/amr_bringup/lib/python3.10/site-packages/amr_bringup-0.0.0-py3.10.egg-info
[1.245s] running install_scripts
[1.287s] Installing listener script to /home/r-bansode/amr-ros/colcon_ws/install/amr_bringup/lib/amr_bringup
[1.287s] Installing talker script to /home/r-bansode/amr-ros/colcon_ws/install/amr_bringup/lib/amr_bringup
[1.287s] writing list of installed files to '/home/r-bansode/amr-ros/colcon_ws/build/amr_bringup/install.log'
[1.287s] Invoked command in '/home/r-bansode/amr-ros/colcon_ws/src/amr_bringup' returned '0': PYTHONPATH=/home/r-bansode/amr-ros/colcon_ws/build/amr_bringup/prefix_override:/usr/lib/python3/dist-packages/colcon_core/task/python/colcon_distutils_commands:/home/r-bansode/amr-ros/colcon_ws/install/amr_bringup/lib/python3.10/site-packages:${PYTHONPATH} /usr/bin/python3 -W ignore:setup.py install is deprecated -W ignore:easy_install command is deprecated setup.py egg_info --egg-base ../../build/amr_bringup build --build-base /home/r-bansode/amr-ros/colcon_ws/build/amr_bringup/build install --record /home/r-bansode/amr-ros/colcon_ws/build/amr_bringup/install.log --single-version-externally-managed install_data
