[0.929s] Invoking command in '/home/r-bansode/amr-ros/colcon_ws/src/amr_description': PYTHONPATH=/home/r-bansode/amr-ros/colcon_ws/build/amr_description/prefix_override:/usr/lib/python3/dist-packages/colcon_core/task/python/colcon_distutils_commands:/home/r-bansode/amr-ros/colcon_ws/install/amr_description/lib/python3.10/site-packages:${PYTHONPATH} /usr/bin/python3 -W ignore:setup.py install is deprecated -W ignore:easy_install command is deprecated setup.py egg_info --egg-base ../../build/amr_description build --build-base /home/r-bansode/amr-ros/colcon_ws/build/amr_description/build install --record /home/r-bansode/amr-ros/colcon_ws/build/amr_description/install.log --single-version-externally-managed install_data
[1.139s] running egg_info
[1.142s] writing ../../build/amr_description/amr_description.egg-info/PKG-INFO
[1.143s] writing dependency_links to ../../build/amr_description/amr_description.egg-info/dependency_links.txt
[1.143s] writing entry points to ../../build/amr_description/amr_description.egg-info/entry_points.txt
[1.143s] writing requirements to ../../build/amr_description/amr_description.egg-info/requires.txt
[1.145s] writing top-level names to ../../build/amr_description/amr_description.egg-info/top_level.txt
[1.147s] reading manifest file '../../build/amr_description/amr_description.egg-info/SOURCES.txt'
[1.157s] writing manifest file '../../build/amr_description/amr_description.egg-info/SOURCES.txt'
[1.158s] running build
[1.158s] running build_py
[1.158s] copying amr_description/obstacle_detection_node.py -> /home/r-bansode/amr-ros/colcon_ws/build/amr_description/build/lib/amr_description
[1.158s] copying amr_description/odom_sim_filter.py -> /home/r-bansode/amr-ros/colcon_ws/build/amr_description/build/lib/amr_description
[1.158s] copying amr_description/ground_truth_waypoint_follower.py -> /home/r-bansode/amr-ros/colcon_ws/build/amr_description/build/lib/amr_description
[1.158s] running install
[1.158s] running install_lib
[1.161s] copying /home/r-bansode/amr-ros/colcon_ws/build/amr_description/build/lib/amr_description/obstacle_detection_node.py -> /home/r-bansode/amr-ros/colcon_ws/install/amr_description/lib/python3.10/site-packages/amr_description
[1.161s] copying /home/r-bansode/amr-ros/colcon_ws/build/amr_description/build/lib/amr_description/odom_sim_filter.py -> /home/r-bansode/amr-ros/colcon_ws/install/amr_description/lib/python3.10/site-packages/amr_description
[1.161s] copying /home/r-bansode/amr-ros/colcon_ws/build/amr_description/build/lib/amr_description/ground_truth_waypoint_follower.py -> /home/r-bansode/amr-ros/colcon_ws/install/amr_description/lib/python3.10/site-packages/amr_description
[1.161s] byte-compiling /home/r-bansode/amr-ros/colcon_ws/install/amr_description/lib/python3.10/site-packages/amr_description/obstacle_detection_node.py to obstacle_detection_node.cpython-310.pyc
[1.161s] byte-compiling /home/r-bansode/amr-ros/colcon_ws/install/amr_description/lib/python3.10/site-packages/amr_description/odom_sim_filter.py to odom_sim_filter.cpython-310.pyc
[1.161s] byte-compiling /home/r-bansode/amr-ros/colcon_ws/install/amr_description/lib/python3.10/site-packages/amr_description/ground_truth_waypoint_follower.py to ground_truth_waypoint_follower.cpython-310.pyc
[1.164s] running install_data
[1.164s] copying launch/ground_truth_waypoint_follower.launch.py -> /home/r-bansode/amr-ros/colcon_ws/install/amr_description/share/amr_description/launch
[1.164s] copying launch/display.launch.py -> /home/r-bansode/amr-ros/colcon_ws/install/amr_description/share/amr_description/launch
[1.164s] copying launch/spawn_agv.launch.py -> /home/r-bansode/amr-ros/colcon_ws/install/amr_description/share/amr_description/launch
[1.164s] copying urdf/amr.urdf.xacro -> /home/r-bansode/amr-ros/colcon_ws/install/amr_description/share/amr_description/urdf
[1.164s] running install_egg_info
[1.166s] removing '/home/r-bansode/amr-ros/colcon_ws/install/amr_description/lib/python3.10/site-packages/amr_description-0.0.0-py3.10.egg-info' (and everything under it)
[1.166s] Copying ../../build/amr_description/amr_description.egg-info to /home/r-bansode/amr-ros/colcon_ws/install/amr_description/lib/python3.10/site-packages/amr_description-0.0.0-py3.10.egg-info
[1.168s] running install_scripts
[1.183s] Installing ground_truth_waypoint_follower.py script to /home/r-bansode/amr-ros/colcon_ws/install/amr_description/lib/amr_description
[1.210s] Installing obstacle_detection_node script to /home/r-bansode/amr-ros/colcon_ws/install/amr_description/lib/amr_description
[1.210s] Installing odom_sim_filter script to /home/r-bansode/amr-ros/colcon_ws/install/amr_description/lib/amr_description
[1.210s] writing list of installed files to '/home/r-bansode/amr-ros/colcon_ws/build/amr_description/install.log'
[1.210s] Invoked command in '/home/r-bansode/amr-ros/colcon_ws/src/amr_description' returned '0': PYTHONPATH=/home/r-bansode/amr-ros/colcon_ws/build/amr_description/prefix_override:/usr/lib/python3/dist-packages/colcon_core/task/python/colcon_distutils_commands:/home/r-bansode/amr-ros/colcon_ws/install/amr_description/lib/python3.10/site-packages:${PYTHONPATH} /usr/bin/python3 -W ignore:setup.py install is deprecated -W ignore:easy_install command is deprecated setup.py egg_info --egg-base ../../build/amr_description build --build-base /home/r-bansode/amr-ros/colcon_ws/build/amr_description/build install --record /home/r-bansode/amr-ros/colcon_ws/build/amr_description/install.log --single-version-externally-managed install_data
