running egg_info
creating ../../build/amr_description/amr_description.egg-info
writing ../../build/amr_description/amr_description.egg-info/PKG-INFO
writing dependency_links to ../../build/amr_description/amr_description.egg-info/dependency_links.txt
writing entry points to ../../build/amr_description/amr_description.egg-info/entry_points.txt
writing requirements to ../../build/amr_description/amr_description.egg-info/requires.txt
writing top-level names to ../../build/amr_description/amr_description.egg-info/top_level.txt
writing manifest file '../../build/amr_description/amr_description.egg-info/SOURCES.txt'
reading manifest file '../../build/amr_description/amr_description.egg-info/SOURCES.txt'
writing manifest file '../../build/amr_description/amr_description.egg-info/SOURCES.txt'
running build
running build_py
creating /workspace/colcon_ws/build/amr_description/build
creating /workspace/colcon_ws/build/amr_description/build/lib
creating /workspace/colcon_ws/build/amr_description/build/lib/amr_description
copying amr_description/__init__.py -> /workspace/colcon_ws/build/amr_description/build/lib/amr_description
running install
running install_lib
creating /workspace/colcon_ws/install/amr_description/lib/python3.10/site-packages/amr_description
copying /workspace/colcon_ws/build/amr_description/build/lib/amr_description/__init__.py -> /workspace/colcon_ws/install/amr_description/lib/python3.10/site-packages/amr_description
byte-compiling /workspace/colcon_ws/install/amr_description/lib/python3.10/site-packages/amr_description/__init__.py to __init__.cpython-310.pyc
running install_data
creating /workspace/colcon_ws/install/amr_description/share/ament_index
creating /workspace/colcon_ws/install/amr_description/share/ament_index/resource_index
creating /workspace/colcon_ws/install/amr_description/share/ament_index/resource_index/packages
copying resource/amr_description -> /workspace/colcon_ws/install/amr_description/share/ament_index/resource_index/packages
copying package.xml -> /workspace/colcon_ws/install/amr_description/share/amr_description
creating /workspace/colcon_ws/install/amr_description/share/amr_description/launch
copying launch/display.launch.py -> /workspace/colcon_ws/install/amr_description/share/amr_description/launch
creating /workspace/colcon_ws/install/amr_description/share/amr_description/urdf
copying urdf/amr.urdf -> /workspace/colcon_ws/install/amr_description/share/amr_description/urdf
running install_egg_info
Copying ../../build/amr_description/amr_description.egg-info to /workspace/colcon_ws/install/amr_description/lib/python3.10/site-packages/amr_description-0.0.0-py3.10.egg-info
running install_scripts
writing list of installed files to '/workspace/colcon_ws/build/amr_description/install.log'
