[1.015s] Invoking command in '/home/r-bansode/amr-ros/colcon_ws/src/amr_bringup': PYTHONPATH=/home/r-bansode/amr-ros/colcon_ws/build/amr_bringup/prefix_override:/usr/lib/python3/dist-packages/colcon_core/task/python/colcon_distutils_commands:/home/r-bansode/amr-ros/colcon_ws/install/amr_bringup/lib/python3.10/site-packages:${PYTHONPATH} /usr/bin/python3 -W ignore:setup.py install is deprecated -W ignore:easy_install command is deprecated setup.py egg_info --egg-base ../../build/amr_bringup build --build-base /home/r-bansode/amr-ros/colcon_ws/build/amr_bringup/build install --record /home/r-bansode/amr-ros/colcon_ws/build/amr_bringup/install.log --single-version-externally-managed install_data
[1.265s] running egg_info
[1.265s] creating ../../build/amr_bringup/amr_bringup.egg-info
[1.265s] writing ../../build/amr_bringup/amr_bringup.egg-info/PKG-INFO
[1.265s] writing dependency_links to ../../build/amr_bringup/amr_bringup.egg-info/dependency_links.txt
[1.265s] writing entry points to ../../build/amr_bringup/amr_bringup.egg-info/entry_points.txt
[1.266s] writing requirements to ../../build/amr_bringup/amr_bringup.egg-info/requires.txt
[1.266s] writing top-level names to ../../build/amr_bringup/amr_bringup.egg-info/top_level.txt
[1.266s] writing manifest file '../../build/amr_bringup/amr_bringup.egg-info/SOURCES.txt'
[1.266s] reading manifest file '../../build/amr_bringup/amr_bringup.egg-info/SOURCES.txt'
[1.267s] writing manifest file '../../build/amr_bringup/amr_bringup.egg-info/SOURCES.txt'
[1.267s] running build
[1.267s] running build_py
[1.268s] creating /home/r-bansode/amr-ros/colcon_ws/build/amr_bringup/build
[1.268s] creating /home/r-bansode/amr-ros/colcon_ws/build/amr_bringup/build/lib
[1.268s] creating /home/r-bansode/amr-ros/colcon_ws/build/amr_bringup/build/lib/amr_bringup
[1.268s] copying amr_bringup/__init__.py -> /home/r-bansode/amr-ros/colcon_ws/build/amr_bringup/build/lib/amr_bringup
[1.268s] copying amr_bringup/listener.py -> /home/r-bansode/amr-ros/colcon_ws/build/amr_bringup/build/lib/amr_bringup
[1.268s] copying amr_bringup/talker.py -> /home/r-bansode/amr-ros/colcon_ws/build/amr_bringup/build/lib/amr_bringup
[1.268s] running install
[1.268s] running install_lib
[1.269s] creating /home/r-bansode/amr-ros/colcon_ws/install/amr_bringup/lib/python3.10/site-packages/amr_bringup
[1.269s] copying /home/r-bansode/amr-ros/colcon_ws/build/amr_bringup/build/lib/amr_bringup/__init__.py -> /home/r-bansode/amr-ros/colcon_ws/install/amr_bringup/lib/python3.10/site-packages/amr_bringup
[1.269s] copying /home/r-bansode/amr-ros/colcon_ws/build/amr_bringup/build/lib/amr_bringup/listener.py -> /home/r-bansode/amr-ros/colcon_ws/install/amr_bringup/lib/python3.10/site-packages/amr_bringup
[1.269s] copying /home/r-bansode/amr-ros/colcon_ws/build/amr_bringup/build/lib/amr_bringup/talker.py -> /home/r-bansode/amr-ros/colcon_ws/install/amr_bringup/lib/python3.10/site-packages/amr_bringup
[1.269s] byte-compiling /home/r-bansode/amr-ros/colcon_ws/install/amr_bringup/lib/python3.10/site-packages/amr_bringup/__init__.py to __init__.cpython-310.pyc
[1.269s] byte-compiling /home/r-bansode/amr-ros/colcon_ws/install/amr_bringup/lib/python3.10/site-packages/amr_bringup/listener.py to listener.cpython-310.pyc
[1.269s] byte-compiling /home/r-bansode/amr-ros/colcon_ws/install/amr_bringup/lib/python3.10/site-packages/amr_bringup/talker.py to talker.cpython-310.pyc
[1.269s] running install_data
[1.271s] running install_egg_info
[1.271s] Copying ../../build/amr_bringup/amr_bringup.egg-info to /home/r-bansode/amr-ros/colcon_ws/install/amr_bringup/lib/python3.10/site-packages/amr_bringup-0.0.0-py3.10.egg-info
[1.272s] running install_scripts
[1.292s] Installing listener script to /home/r-bansode/amr-ros/colcon_ws/install/amr_bringup/lib/amr_bringup
[1.292s] Installing talker script to /home/r-bansode/amr-ros/colcon_ws/install/amr_bringup/lib/amr_bringup
[1.293s] writing list of installed files to '/home/r-bansode/amr-ros/colcon_ws/build/amr_bringup/install.log'
[1.316s] Invoked command in '/home/r-bansode/amr-ros/colcon_ws/src/amr_bringup' returned '0': PYTHONPATH=/home/r-bansode/amr-ros/colcon_ws/build/amr_bringup/prefix_override:/usr/lib/python3/dist-packages/colcon_core/task/python/colcon_distutils_commands:/home/r-bansode/amr-ros/colcon_ws/install/amr_bringup/lib/python3.10/site-packages:${PYTHONPATH} /usr/bin/python3 -W ignore:setup.py install is deprecated -W ignore:easy_install command is deprecated setup.py egg_info --egg-base ../../build/amr_bringup build --build-base /home/r-bansode/amr-ros/colcon_ws/build/amr_bringup/build install --record /home/r-bansode/amr-ros/colcon_ws/build/amr_bringup/install.log --single-version-externally-managed install_data
