[0.600s] Invoking command in '/workspace/colcon_ws/src/amr_bringup': PYTHONPATH=/workspace/colcon_ws/build/amr_bringup/prefix_override:/usr/lib/python3/dist-packages/colcon_core/task/python/colcon_distutils_commands:/workspace/colcon_ws/install/amr_bringup/lib/python3.10/site-packages:${PYTHONPATH} /usr/bin/python3 -W ignore:setup.py install is deprecated -W ignore:easy_install command is deprecated setup.py egg_info --egg-base ../../build/amr_bringup build --build-base /workspace/colcon_ws/build/amr_bringup/build install --record /workspace/colcon_ws/build/amr_bringup/install.log --single-version-externally-managed install_data
[0.744s] running egg_info
[0.744s] creating ../../build/amr_bringup/amr_bringup.egg-info
[0.745s] writing ../../build/amr_bringup/amr_bringup.egg-info/PKG-INFO
[0.745s] writing dependency_links to ../../build/amr_bringup/amr_bringup.egg-info/dependency_links.txt
[0.745s] writing entry points to ../../build/amr_bringup/amr_bringup.egg-info/entry_points.txt
[0.745s] writing requirements to ../../build/amr_bringup/amr_bringup.egg-info/requires.txt
[0.745s] writing top-level names to ../../build/amr_bringup/amr_bringup.egg-info/top_level.txt
[0.745s] writing manifest file '../../build/amr_bringup/amr_bringup.egg-info/SOURCES.txt'
[0.746s] reading manifest file '../../build/amr_bringup/amr_bringup.egg-info/SOURCES.txt'
[0.747s] writing manifest file '../../build/amr_bringup/amr_bringup.egg-info/SOURCES.txt'
[0.747s] running build
[0.747s] running build_py
[0.747s] creating /workspace/colcon_ws/build/amr_bringup/build
[0.747s] creating /workspace/colcon_ws/build/amr_bringup/build/lib
[0.747s] creating /workspace/colcon_ws/build/amr_bringup/build/lib/amr_bringup
[0.747s] copying amr_bringup/listener.py -> /workspace/colcon_ws/build/amr_bringup/build/lib/amr_bringup
[0.757s] copying amr_bringup/__init__.py -> /workspace/colcon_ws/build/amr_bringup/build/lib/amr_bringup
[0.757s] copying amr_bringup/talker.py -> /workspace/colcon_ws/build/amr_bringup/build/lib/amr_bringup
[0.757s] running install
[0.758s] running install_lib
[0.758s] creating /workspace/colcon_ws/install/amr_bringup/lib/python3.10/site-packages/amr_bringup
[0.758s] copying /workspace/colcon_ws/build/amr_bringup/build/lib/amr_bringup/listener.py -> /workspace/colcon_ws/install/amr_bringup/lib/python3.10/site-packages/amr_bringup
[0.758s] copying /workspace/colcon_ws/build/amr_bringup/build/lib/amr_bringup/__init__.py -> /workspace/colcon_ws/install/amr_bringup/lib/python3.10/site-packages/amr_bringup
[0.758s] copying /workspace/colcon_ws/build/amr_bringup/build/lib/amr_bringup/talker.py -> /workspace/colcon_ws/install/amr_bringup/lib/python3.10/site-packages/amr_bringup
[0.759s] byte-compiling /workspace/colcon_ws/install/amr_bringup/lib/python3.10/site-packages/amr_bringup/listener.py to listener.cpython-310.pyc
[0.759s] byte-compiling /workspace/colcon_ws/install/amr_bringup/lib/python3.10/site-packages/amr_bringup/__init__.py to __init__.cpython-310.pyc
[0.759s] byte-compiling /workspace/colcon_ws/install/amr_bringup/lib/python3.10/site-packages/amr_bringup/talker.py to talker.cpython-310.pyc
[0.760s] running install_data
[0.760s] copying package.xml -> /workspace/colcon_ws/install/amr_bringup/share/amr_bringup
[0.760s] creating /workspace/colcon_ws/install/amr_bringup/share/amr_bringup/launch
[0.760s] copying launch/talker_listener.launch.py -> /workspace/colcon_ws/install/amr_bringup/share/amr_bringup/launch
[0.760s] running install_egg_info
[0.761s] Copying ../../build/amr_bringup/amr_bringup.egg-info to /workspace/colcon_ws/install/amr_bringup/lib/python3.10/site-packages/amr_bringup-0.0.0-py3.10.egg-info
[0.762s] running install_scripts
[0.777s] Installing listener script to /workspace/colcon_ws/install/amr_bringup/lib/amr_bringup
[0.777s] Installing talker script to /workspace/colcon_ws/install/amr_bringup/lib/amr_bringup
[0.778s] writing list of installed files to '/workspace/colcon_ws/build/amr_bringup/install.log'
[0.801s] Invoked command in '/workspace/colcon_ws/src/amr_bringup' returned '0': PYTHONPATH=/workspace/colcon_ws/build/amr_bringup/prefix_override:/usr/lib/python3/dist-packages/colcon_core/task/python/colcon_distutils_commands:/workspace/colcon_ws/install/amr_bringup/lib/python3.10/site-packages:${PYTHONPATH} /usr/bin/python3 -W ignore:setup.py install is deprecated -W ignore:easy_install command is deprecated setup.py egg_info --egg-base ../../build/amr_bringup build --build-base /workspace/colcon_ws/build/amr_bringup/build install --record /workspace/colcon_ws/build/amr_bringup/install.log --single-version-externally-managed install_data
