[0.380s] DEBUG:colcon:Command line arguments: ['/usr/bin/colcon', 'build']
[0.380s] DEBUG:colcon:Parsed command line arguments: Namespace(log_base=None, log_level=None, verb_name='build', build_base='build', install_base='install', merge_install=False, symlink_install=False, test_result_base=None, continue_on_error=False, executor='parallel', parallel_workers=4, event_handlers=None, ignore_user_meta=False, metas=['./colcon.meta'], base_paths=['.'], packages_ignore=None, packages_ignore_regex=None, paths=None, packages_up_to=None, packages_up_to_regex=None, packages_above=None, packages_above_and_dependencies=None, packages_above_depth=None, packages_select_by_dep=None, packages_skip_by_dep=None, packages_skip_up_to=None, packages_select_build_failed=False, packages_skip_build_finished=False, packages_select_test_failures=False, packages_skip_test_passed=False, packages_select=None, packages_skip=None, packages_select_regex=None, packages_skip_regex=None, packages_start=None, packages_end=None, allow_overriding=[], cmake_args=None, cmake_target=None, cmake_target_skip_unavailable=False, cmake_clean_cache=False, cmake_clean_first=False, cmake_force_configure=False, ament_cmake_args=None, catkin_cmake_args=None, catkin_skip_building_tests=False, mixin_files=None, mixin=None, verb_parser=<colcon_mixin.mixin.mixin_argument.MixinArgumentDecorator object at 0x75c949860760>, verb_extension=<colcon_core.verb.build.BuildVerb object at 0x75c9499c17b0>, main=<bound method BuildVerb.main of <colcon_core.verb.build.BuildVerb object at 0x75c9499c17b0>>, mixin_verb=('build',))
[0.850s] Level 1:colcon.colcon_core.package_discovery:discover_packages(colcon_meta) check parameters
[0.851s] Level 1:colcon.colcon_core.package_discovery:discover_packages(recursive) check parameters
[0.851s] Level 1:colcon.colcon_core.package_discovery:discover_packages(ignore) check parameters
[0.851s] Level 1:colcon.colcon_core.package_discovery:discover_packages(path) check parameters
[0.851s] Level 1:colcon.colcon_core.package_discovery:discover_packages(colcon_meta) discover
[0.851s] Level 1:colcon.colcon_core.package_discovery:discover_packages(recursive) discover
[0.851s] INFO:colcon.colcon_core.package_discovery:Crawling recursively for packages in '/home/r-bansode/amr-ros/colcon_ws'
[0.851s] Level 1:colcon.colcon_core.package_identification:_identify(.) by extensions ['ignore', 'ignore_ament_install']
[0.851s] Level 1:colcon.colcon_core.package_identification:_identify(.) by extension 'ignore'
[0.851s] Level 1:colcon.colcon_core.package_identification:_identify(.) by extension 'ignore_ament_install'
[0.851s] Level 1:colcon.colcon_core.package_identification:_identify(.) by extensions ['colcon_pkg']
[0.851s] Level 1:colcon.colcon_core.package_identification:_identify(.) by extension 'colcon_pkg'
[0.851s] Level 1:colcon.colcon_core.package_identification:_identify(.) by extensions ['colcon_meta']
[0.851s] Level 1:colcon.colcon_core.package_identification:_identify(.) by extension 'colcon_meta'
[0.851s] Level 1:colcon.colcon_core.package_identification:_identify(.) by extensions ['ros']
[0.851s] Level 1:colcon.colcon_core.package_identification:_identify(.) by extension 'ros'
[0.866s] Level 1:colcon.colcon_core.package_identification:_identify(.) by extensions ['cmake', 'python']
[0.866s] Level 1:colcon.colcon_core.package_identification:_identify(.) by extension 'cmake'
[0.866s] Level 1:colcon.colcon_core.package_identification:_identify(.) by extension 'python'
[0.866s] Level 1:colcon.colcon_core.package_identification:_identify(.) by extensions ['python_setup_py']
[0.866s] Level 1:colcon.colcon_core.package_identification:_identify(.) by extension 'python_setup_py'
[0.866s] Level 1:colcon.colcon_core.package_identification:_identify(build) by extensions ['ignore', 'ignore_ament_install']
[0.866s] Level 1:colcon.colcon_core.package_identification:_identify(build) by extension 'ignore'
[0.866s] Level 1:colcon.colcon_core.package_identification:_identify(build) ignored
[0.866s] Level 1:colcon.colcon_core.package_identification:_identify(install) by extensions ['ignore', 'ignore_ament_install']
[0.866s] Level 1:colcon.colcon_core.package_identification:_identify(install) by extension 'ignore'
[0.866s] Level 1:colcon.colcon_core.package_identification:_identify(install) ignored
[0.866s] Level 1:colcon.colcon_core.package_identification:_identify(log) by extensions ['ignore', 'ignore_ament_install']
[0.867s] Level 1:colcon.colcon_core.package_identification:_identify(log) by extension 'ignore'
[0.867s] Level 1:colcon.colcon_core.package_identification:_identify(log) ignored
[0.867s] Level 1:colcon.colcon_core.package_identification:_identify(src) by extensions ['ignore', 'ignore_ament_install']
[0.867s] Level 1:colcon.colcon_core.package_identification:_identify(src) by extension 'ignore'
[0.867s] Level 1:colcon.colcon_core.package_identification:_identify(src) by extension 'ignore_ament_install'
[0.867s] Level 1:colcon.colcon_core.package_identification:_identify(src) by extensions ['colcon_pkg']
[0.867s] Level 1:colcon.colcon_core.package_identification:_identify(src) by extension 'colcon_pkg'
[0.867s] Level 1:colcon.colcon_core.package_identification:_identify(src) by extensions ['colcon_meta']
[0.867s] Level 1:colcon.colcon_core.package_identification:_identify(src) by extension 'colcon_meta'
[0.867s] Level 1:colcon.colcon_core.package_identification:_identify(src) by extensions ['ros']
[0.867s] Level 1:colcon.colcon_core.package_identification:_identify(src) by extension 'ros'
[0.867s] Level 1:colcon.colcon_core.package_identification:_identify(src) by extensions ['cmake', 'python']
[0.867s] Level 1:colcon.colcon_core.package_identification:_identify(src) by extension 'cmake'
[0.867s] Level 1:colcon.colcon_core.package_identification:_identify(src) by extension 'python'
[0.867s] Level 1:colcon.colcon_core.package_identification:_identify(src) by extensions ['python_setup_py']
[0.867s] Level 1:colcon.colcon_core.package_identification:_identify(src) by extension 'python_setup_py'
[0.867s] Level 1:colcon.colcon_core.package_identification:_identify(src/amr_bringup) by extensions ['ignore', 'ignore_ament_install']
[0.867s] Level 1:colcon.colcon_core.package_identification:_identify(src/amr_bringup) by extension 'ignore'
[0.867s] Level 1:colcon.colcon_core.package_identification:_identify(src/amr_bringup) by extension 'ignore_ament_install'
[0.867s] Level 1:colcon.colcon_core.package_identification:_identify(src/amr_bringup) by extensions ['colcon_pkg']
[0.867s] Level 1:colcon.colcon_core.package_identification:_identify(src/amr_bringup) by extension 'colcon_pkg'
[0.867s] Level 1:colcon.colcon_core.package_identification:_identify(src/amr_bringup) by extensions ['colcon_meta']
[0.867s] Level 1:colcon.colcon_core.package_identification:_identify(src/amr_bringup) by extension 'colcon_meta'
[0.867s] Level 1:colcon.colcon_core.package_identification:_identify(src/amr_bringup) by extensions ['ros']
[0.867s] Level 1:colcon.colcon_core.package_identification:_identify(src/amr_bringup) by extension 'ros'
[0.869s] DEBUG:colcon.colcon_core.package_identification:Package 'src/amr_bringup' with type 'ros.ament_python' and name 'amr_bringup'
[0.870s] Level 1:colcon.colcon_core.package_identification:_identify(src/amr_description) by extensions ['ignore', 'ignore_ament_install']
[0.870s] Level 1:colcon.colcon_core.package_identification:_identify(src/amr_description) by extension 'ignore'
[0.870s] Level 1:colcon.colcon_core.package_identification:_identify(src/amr_description) by extension 'ignore_ament_install'
[0.870s] Level 1:colcon.colcon_core.package_identification:_identify(src/amr_description) by extensions ['colcon_pkg']
[0.870s] Level 1:colcon.colcon_core.package_identification:_identify(src/amr_description) by extension 'colcon_pkg'
[0.870s] Level 1:colcon.colcon_core.package_identification:_identify(src/amr_description) by extensions ['colcon_meta']
[0.870s] Level 1:colcon.colcon_core.package_identification:_identify(src/amr_description) by extension 'colcon_meta'
[0.870s] Level 1:colcon.colcon_core.package_identification:_identify(src/amr_description) by extensions ['ros']
[0.909s] Level 1:colcon.colcon_core.package_identification:_identify(src/amr_description) by extension 'ros'
[0.910s] DEBUG:colcon.colcon_core.package_identification:Package 'src/amr_description' with type 'ros.ament_python' and name 'amr_description'
[0.910s] Level 1:colcon.colcon_core.package_discovery:discover_packages(recursive) using defaults
[0.910s] Level 1:colcon.colcon_core.package_discovery:discover_packages(ignore) discover
[0.910s] Level 1:colcon.colcon_core.package_discovery:discover_packages(ignore) using defaults
[0.910s] Level 1:colcon.colcon_core.package_discovery:discover_packages(path) discover
[0.910s] Level 1:colcon.colcon_core.package_discovery:discover_packages(path) using defaults
[0.937s] Level 1:colcon.colcon_core.package_discovery:discover_packages(prefix_path) check parameters
[0.937s] Level 1:colcon.colcon_core.package_discovery:discover_packages(prefix_path) discover
[0.942s] DEBUG:colcon.colcon_installed_package_information.package_discovery:Found 45 installed packages in /home/r-bansode/agv_ws/install
[0.944s] DEBUG:colcon.colcon_installed_package_information.package_discovery:Found 55 installed packages in /home/r-bansode/ws_moveit/install
[0.946s] DEBUG:colcon.colcon_installed_package_information.package_discovery:Found 480 installed packages in /opt/ros/humble
[0.948s] Level 1:colcon.colcon_core.package_discovery:discover_packages(prefix_path) using defaults
[1.122s] Level 5:colcon.colcon_core.verb:set package 'amr_bringup' build argument 'cmake_args' from command line to 'None'
[1.122s] Level 5:colcon.colcon_core.verb:set package 'amr_bringup' build argument 'cmake_target' from command line to 'None'
[1.122s] Level 5:colcon.colcon_core.verb:set package 'amr_bringup' build argument 'cmake_target_skip_unavailable' from command line to 'False'
[1.122s] Level 5:colcon.colcon_core.verb:set package 'amr_bringup' build argument 'cmake_clean_cache' from command line to 'False'
[1.122s] Level 5:colcon.colcon_core.verb:set package 'amr_bringup' build argument 'cmake_clean_first' from command line to 'False'
[1.122s] Level 5:colcon.colcon_core.verb:set package 'amr_bringup' build argument 'cmake_force_configure' from command line to 'False'
[1.122s] Level 5:colcon.colcon_core.verb:set package 'amr_bringup' build argument 'ament_cmake_args' from command line to 'None'
[1.122s] Level 5:colcon.colcon_core.verb:set package 'amr_bringup' build argument 'catkin_cmake_args' from command line to 'None'
[1.122s] Level 5:colcon.colcon_core.verb:set package 'amr_bringup' build argument 'catkin_skip_building_tests' from command line to 'False'
[1.122s] DEBUG:colcon.colcon_core.verb:Building package 'amr_bringup' with the following arguments: {'ament_cmake_args': None, 'build_base': '/home/r-bansode/amr-ros/colcon_ws/build/amr_bringup', 'catkin_cmake_args': None, 'catkin_skip_building_tests': False, 'cmake_args': None, 'cmake_clean_cache': False, 'cmake_clean_first': False, 'cmake_force_configure': False, 'cmake_target': None, 'cmake_target_skip_unavailable': False, 'install_base': '/home/r-bansode/amr-ros/colcon_ws/install/amr_bringup', 'merge_install': False, 'path': '/home/r-bansode/amr-ros/colcon_ws/src/amr_bringup', 'symlink_install': False, 'test_result_base': None}
[1.122s] Level 5:colcon.colcon_core.verb:set package 'amr_description' build argument 'cmake_args' from command line to 'None'
[1.122s] Level 5:colcon.colcon_core.verb:set package 'amr_description' build argument 'cmake_target' from command line to 'None'
[1.122s] Level 5:colcon.colcon_core.verb:set package 'amr_description' build argument 'cmake_target_skip_unavailable' from command line to 'False'
[1.122s] Level 5:colcon.colcon_core.verb:set package 'amr_description' build argument 'cmake_clean_cache' from command line to 'False'
[1.122s] Level 5:colcon.colcon_core.verb:set package 'amr_description' build argument 'cmake_clean_first' from command line to 'False'
[1.122s] Level 5:colcon.colcon_core.verb:set package 'amr_description' build argument 'cmake_force_configure' from command line to 'False'
[1.122s] Level 5:colcon.colcon_core.verb:set package 'amr_description' build argument 'ament_cmake_args' from command line to 'None'
[1.123s] Level 5:colcon.colcon_core.verb:set package 'amr_description' build argument 'catkin_cmake_args' from command line to 'None'
[1.123s] Level 5:colcon.colcon_core.verb:set package 'amr_description' build argument 'catkin_skip_building_tests' from command line to 'False'
[1.123s] DEBUG:colcon.colcon_core.verb:Building package 'amr_description' with the following arguments: {'ament_cmake_args': None, 'build_base': '/home/r-bansode/amr-ros/colcon_ws/build/amr_description', 'catkin_cmake_args': None, 'catkin_skip_building_tests': False, 'cmake_args': None, 'cmake_clean_cache': False, 'cmake_clean_first': False, 'cmake_force_configure': False, 'cmake_target': None, 'cmake_target_skip_unavailable': False, 'install_base': '/home/r-bansode/amr-ros/colcon_ws/install/amr_description', 'merge_install': False, 'path': '/home/r-bansode/amr-ros/colcon_ws/src/amr_description', 'symlink_install': False, 'test_result_base': None}
[1.123s] INFO:colcon.colcon_core.executor:Executing jobs using 'parallel' executor
[1.135s] DEBUG:colcon.colcon_parallel_executor.executor.parallel:run_until_complete
[1.136s] INFO:colcon.colcon_ros.task.ament_python.build:Building ROS package in '/home/r-bansode/amr-ros/colcon_ws/src/amr_bringup' with build type 'ament_python'
[1.136s] Level 1:colcon.colcon_core.shell:create_environment_hook('amr_bringup', 'ament_prefix_path')
[1.141s] INFO:colcon.colcon_core.plugin_system:Skipping extension 'colcon_core.shell.bat': Not used on non-Windows systems
[1.142s] INFO:colcon.colcon_core.shell:Creating environment hook '/home/r-bansode/amr-ros/colcon_ws/install/amr_bringup/share/amr_bringup/hook/ament_prefix_path.ps1'
[1.143s] INFO:colcon.colcon_core.shell:Creating environment descriptor '/home/r-bansode/amr-ros/colcon_ws/install/amr_bringup/share/amr_bringup/hook/ament_prefix_path.dsv'
[1.143s] INFO:colcon.colcon_core.shell:Creating environment hook '/home/r-bansode/amr-ros/colcon_ws/install/amr_bringup/share/amr_bringup/hook/ament_prefix_path.sh'
[1.145s] INFO:colcon.colcon_core.shell:Skip shell extension 'powershell' for command environment: Not usable outside of PowerShell
[1.145s] DEBUG:colcon.colcon_core.shell:Skip shell extension 'dsv' for command environment
[1.177s] INFO:colcon.colcon_ros.task.ament_python.build:Building ROS package in '/home/r-bansode/amr-ros/colcon_ws/src/amr_description' with build type 'ament_python'
[1.177s] Level 1:colcon.colcon_core.shell:create_environment_hook('amr_description', 'ament_prefix_path')
[1.178s] INFO:colcon.colcon_core.shell:Creating environment hook '/home/r-bansode/amr-ros/colcon_ws/install/amr_description/share/amr_description/hook/ament_prefix_path.ps1'
[1.178s] INFO:colcon.colcon_core.shell:Creating environment descriptor '/home/r-bansode/amr-ros/colcon_ws/install/amr_description/share/amr_description/hook/ament_prefix_path.dsv'
[1.179s] INFO:colcon.colcon_core.shell:Creating environment hook '/home/r-bansode/amr-ros/colcon_ws/install/amr_description/share/amr_description/hook/ament_prefix_path.sh'
[1.180s] INFO:colcon.colcon_core.shell:Skip shell extension 'powershell' for command environment: Not usable outside of PowerShell
[1.180s] DEBUG:colcon.colcon_core.shell:Skip shell extension 'dsv' for command environment
[2.056s] WARNING:colcon.colcon_ros.task.ament_python.build:Package 'amr_bringup' doesn't explicitly install a marker in the package index (colcon-ros currently does it implicitly but that fallback will be removed in the future)
[2.056s] INFO:colcon.colcon_core.task.python.build:Building Python package in '/home/r-bansode/amr-ros/colcon_ws/src/amr_bringup'
[2.057s] INFO:colcon.colcon_core.shell:Skip shell extension 'powershell' for command environment: Not usable outside of PowerShell
[2.057s] DEBUG:colcon.colcon_core.shell:Skip shell extension 'dsv' for command environment
[3.111s] INFO:colcon.colcon_core.task.python.build:Building Python package in '/home/r-bansode/amr-ros/colcon_ws/src/amr_description'
[3.111s] INFO:colcon.colcon_core.shell:Skip shell extension 'powershell' for command environment: Not usable outside of PowerShell
[3.112s] DEBUG:colcon.colcon_core.shell:Skip shell extension 'dsv' for command environment
[3.956s] DEBUG:colcon.colcon_core.event_handler.log_command:Invoking command in '/home/r-bansode/amr-ros/colcon_ws/src/amr_description': PYTHONPATH=/home/r-bansode/amr-ros/colcon_ws/build/amr_description/prefix_override:/usr/lib/python3/dist-packages/colcon_core/task/python/colcon_distutils_commands:/home/r-bansode/amr-ros/colcon_ws/install/amr_description/lib/python3.10/site-packages:${PYTHONPATH} /usr/bin/python3 -W ignore:setup.py install is deprecated -W ignore:easy_install command is deprecated setup.py egg_info --egg-base ../../build/amr_description build --build-base /home/r-bansode/amr-ros/colcon_ws/build/amr_description/build install --record /home/r-bansode/amr-ros/colcon_ws/build/amr_description/install.log --single-version-externally-managed install_data
[4.604s] DEBUG:colcon.colcon_core.event_handler.log_command:Invoking command in '/home/r-bansode/amr-ros/colcon_ws/src/amr_bringup': PYTHONPATH=/home/r-bansode/amr-ros/colcon_ws/build/amr_bringup/prefix_override:/usr/lib/python3/dist-packages/colcon_core/task/python/colcon_distutils_commands:/home/r-bansode/amr-ros/colcon_ws/install/amr_bringup/lib/python3.10/site-packages:${PYTHONPATH} /usr/bin/python3 -W ignore:setup.py install is deprecated -W ignore:easy_install command is deprecated setup.py egg_info --egg-base ../../build/amr_bringup build --build-base /home/r-bansode/amr-ros/colcon_ws/build/amr_bringup/build install --record /home/r-bansode/amr-ros/colcon_ws/build/amr_bringup/install.log --single-version-externally-managed install_data
[5.383s] DEBUG:colcon.colcon_core.event_handler.log_command:Invoked command in '/home/r-bansode/amr-ros/colcon_ws/src/amr_description' returned '0': PYTHONPATH=/home/r-bansode/amr-ros/colcon_ws/build/amr_description/prefix_override:/usr/lib/python3/dist-packages/colcon_core/task/python/colcon_distutils_commands:/home/r-bansode/amr-ros/colcon_ws/install/amr_description/lib/python3.10/site-packages:${PYTHONPATH} /usr/bin/python3 -W ignore:setup.py install is deprecated -W ignore:easy_install command is deprecated setup.py egg_info --egg-base ../../build/amr_description build --build-base /home/r-bansode/amr-ros/colcon_ws/build/amr_description/build install --record /home/r-bansode/amr-ros/colcon_ws/build/amr_description/install.log --single-version-externally-managed install_data
[5.389s] Level 1:colcon.colcon_core.environment:checking '/home/r-bansode/amr-ros/colcon_ws/install/amr_description' for CMake module files
[5.389s] Level 1:colcon.colcon_core.environment:checking '/home/r-bansode/amr-ros/colcon_ws/install/amr_description' for CMake config files
[5.390s] Level 1:colcon.colcon_core.environment:checking '/home/r-bansode/amr-ros/colcon_ws/install/amr_description/lib'
[5.391s] Level 1:colcon.colcon_core.environment:checking '/home/r-bansode/amr-ros/colcon_ws/install/amr_description/bin'
[5.391s] Level 1:colcon.colcon_core.environment:checking '/home/r-bansode/amr-ros/colcon_ws/install/amr_description/lib/pkgconfig/amr_description.pc'
[5.391s] Level 1:colcon.colcon_core.environment:checking '/home/r-bansode/amr-ros/colcon_ws/install/amr_description/lib/python3.10/site-packages'
[5.391s] Level 1:colcon.colcon_core.shell:create_environment_hook('amr_description', 'pythonpath')
[5.392s] INFO:colcon.colcon_core.shell:Creating environment hook '/home/r-bansode/amr-ros/colcon_ws/install/amr_description/share/amr_description/hook/pythonpath.ps1'
[5.394s] INFO:colcon.colcon_core.shell:Creating environment descriptor '/home/r-bansode/amr-ros/colcon_ws/install/amr_description/share/amr_description/hook/pythonpath.dsv'
[5.402s] INFO:colcon.colcon_core.shell:Creating environment hook '/home/r-bansode/amr-ros/colcon_ws/install/amr_description/share/amr_description/hook/pythonpath.sh'
[5.403s] Level 1:colcon.colcon_core.environment:checking '/home/r-bansode/amr-ros/colcon_ws/install/amr_description/bin'
[5.403s] Level 1:colcon.colcon_core.environment:create_environment_scripts_only(amr_description)
[5.404s] INFO:colcon.colcon_core.shell:Creating package script '/home/r-bansode/amr-ros/colcon_ws/install/amr_description/share/amr_description/package.ps1'
[5.405s] INFO:colcon.colcon_core.shell:Creating package descriptor '/home/r-bansode/amr-ros/colcon_ws/install/amr_description/share/amr_description/package.dsv'
[5.405s] INFO:colcon.colcon_core.shell:Creating package script '/home/r-bansode/amr-ros/colcon_ws/install/amr_description/share/amr_description/package.sh'
[5.406s] INFO:colcon.colcon_core.shell:Creating package script '/home/r-bansode/amr-ros/colcon_ws/install/amr_description/share/amr_description/package.bash'
[5.407s] INFO:colcon.colcon_core.shell:Creating package script '/home/r-bansode/amr-ros/colcon_ws/install/amr_description/share/amr_description/package.zsh'
[5.412s] Level 1:colcon.colcon_core.environment:create_file_with_runtime_dependencies(/home/r-bansode/amr-ros/colcon_ws/install/amr_description/share/colcon-core/packages/amr_description)
[5.513s] Level 1:colcon.colcon_core.environment:checking '/home/r-bansode/amr-ros/colcon_ws/install/amr_bringup' for CMake module files
[5.514s] Level 1:colcon.colcon_core.environment:checking '/home/r-bansode/amr-ros/colcon_ws/install/amr_bringup' for CMake config files
[5.515s] Level 1:colcon.colcon_core.environment:checking '/home/r-bansode/amr-ros/colcon_ws/install/amr_bringup/lib'
[5.515s] Level 1:colcon.colcon_core.environment:checking '/home/r-bansode/amr-ros/colcon_ws/install/amr_bringup/bin'
[5.515s] Level 1:colcon.colcon_core.environment:checking '/home/r-bansode/amr-ros/colcon_ws/install/amr_bringup/lib/pkgconfig/amr_bringup.pc'
[5.515s] Level 1:colcon.colcon_core.environment:checking '/home/r-bansode/amr-ros/colcon_ws/install/amr_bringup/lib/python3.10/site-packages'
[5.515s] Level 1:colcon.colcon_core.shell:create_environment_hook('amr_bringup', 'pythonpath')
[5.516s] INFO:colcon.colcon_core.shell:Creating environment hook '/home/r-bansode/amr-ros/colcon_ws/install/amr_bringup/share/amr_bringup/hook/pythonpath.ps1'
[5.518s] DEBUG:colcon.colcon_core.event_handler.log_command:Invoked command in '/home/r-bansode/amr-ros/colcon_ws/src/amr_bringup' returned '0': PYTHONPATH=/home/r-bansode/amr-ros/colcon_ws/build/amr_bringup/prefix_override:/usr/lib/python3/dist-packages/colcon_core/task/python/colcon_distutils_commands:/home/r-bansode/amr-ros/colcon_ws/install/amr_bringup/lib/python3.10/site-packages:${PYTHONPATH} /usr/bin/python3 -W ignore:setup.py install is deprecated -W ignore:easy_install command is deprecated setup.py egg_info --egg-base ../../build/amr_bringup build --build-base /home/r-bansode/amr-ros/colcon_ws/build/amr_bringup/build install --record /home/r-bansode/amr-ros/colcon_ws/build/amr_bringup/install.log --single-version-externally-managed install_data
[5.523s] INFO:colcon.colcon_core.shell:Creating environment descriptor '/home/r-bansode/amr-ros/colcon_ws/install/amr_bringup/share/amr_bringup/hook/pythonpath.dsv'
[5.524s] INFO:colcon.colcon_core.shell:Creating environment hook '/home/r-bansode/amr-ros/colcon_ws/install/amr_bringup/share/amr_bringup/hook/pythonpath.sh'
[5.525s] Level 1:colcon.colcon_core.environment:checking '/home/r-bansode/amr-ros/colcon_ws/install/amr_bringup/bin'
[5.525s] Level 1:colcon.colcon_core.environment:create_environment_scripts_only(amr_bringup)
[5.525s] INFO:colcon.colcon_core.shell:Creating package script '/home/r-bansode/amr-ros/colcon_ws/install/amr_bringup/share/amr_bringup/package.ps1'
[5.526s] INFO:colcon.colcon_core.shell:Creating package descriptor '/home/r-bansode/amr-ros/colcon_ws/install/amr_bringup/share/amr_bringup/package.dsv'
[5.557s] INFO:colcon.colcon_core.shell:Creating package script '/home/r-bansode/amr-ros/colcon_ws/install/amr_bringup/share/amr_bringup/package.sh'
[5.558s] INFO:colcon.colcon_core.shell:Creating package script '/home/r-bansode/amr-ros/colcon_ws/install/amr_bringup/share/amr_bringup/package.bash'
[5.559s] INFO:colcon.colcon_core.shell:Creating package script '/home/r-bansode/amr-ros/colcon_ws/install/amr_bringup/share/amr_bringup/package.zsh'
[5.560s] Level 1:colcon.colcon_core.environment:create_file_with_runtime_dependencies(/home/r-bansode/amr-ros/colcon_ws/install/amr_bringup/share/colcon-core/packages/amr_bringup)
[5.561s] DEBUG:colcon.colcon_parallel_executor.executor.parallel:closing loop
[5.561s] DEBUG:colcon.colcon_parallel_executor.executor.parallel:loop closed
[5.561s] DEBUG:colcon.colcon_parallel_executor.executor.parallel:run_until_complete finished with '0'
[5.561s] DEBUG:colcon.colcon_core.event_reactor:joining thread
[5.568s] INFO:colcon.colcon_core.plugin_system:Skipping extension 'colcon_notification.desktop_notification.terminal_notifier': Not used on non-Darwin systems
[5.571s] INFO:colcon.colcon_core.plugin_system:Skipping extension 'colcon_notification.desktop_notification.win32': Not used on non-Windows systems
[5.572s] INFO:colcon.colcon_notification.desktop_notification:Sending desktop notification using 'notify2'
[5.681s] DEBUG:colcon.colcon_core.event_reactor:joined thread
[5.681s] INFO:colcon.colcon_core.shell:Creating prefix script '/home/r-bansode/amr-ros/colcon_ws/install/local_setup.ps1'
[5.682s] INFO:colcon.colcon_core.shell:Creating prefix util module '/home/r-bansode/amr-ros/colcon_ws/install/_local_setup_util_ps1.py'
[5.684s] INFO:colcon.colcon_core.shell:Creating prefix chain script '/home/r-bansode/amr-ros/colcon_ws/install/setup.ps1'
[5.738s] INFO:colcon.colcon_core.shell:Creating prefix script '/home/r-bansode/amr-ros/colcon_ws/install/local_setup.sh'
[5.739s] INFO:colcon.colcon_core.shell:Creating prefix util module '/home/r-bansode/amr-ros/colcon_ws/install/_local_setup_util_sh.py'
[5.746s] INFO:colcon.colcon_core.shell:Creating prefix chain script '/home/r-bansode/amr-ros/colcon_ws/install/setup.sh'
[5.798s] INFO:colcon.colcon_core.shell:Creating prefix script '/home/r-bansode/amr-ros/colcon_ws/install/local_setup.bash'
[5.800s] INFO:colcon.colcon_core.shell:Creating prefix chain script '/home/r-bansode/amr-ros/colcon_ws/install/setup.bash'
[5.804s] INFO:colcon.colcon_core.shell:Creating prefix script '/home/r-bansode/amr-ros/colcon_ws/install/local_setup.zsh'
[5.809s] INFO:colcon.colcon_core.shell:Creating prefix chain script '/home/r-bansode/amr-ros/colcon_ws/install/setup.zsh'
