[0.280s] DEBUG:colcon:Command line arguments: ['/usr/bin/colcon', 'build']
[0.280s] DEBUG:colcon:Parsed command line arguments: Namespace(log_base=None, log_level=None, verb_name='build', build_base='build', install_base='install', merge_install=False, symlink_install=False, test_result_base=None, continue_on_error=False, executor='parallel', parallel_workers=4, event_handlers=None, ignore_user_meta=False, metas=['./colcon.meta'], base_paths=['.'], packages_ignore=None, packages_ignore_regex=None, paths=None, packages_up_to=None, packages_up_to_regex=None, packages_above=None, packages_above_and_dependencies=None, packages_above_depth=None, packages_select_by_dep=None, packages_skip_by_dep=None, packages_skip_up_to=None, packages_select_build_failed=False, packages_skip_build_finished=False, packages_select_test_failures=False, packages_skip_test_passed=False, packages_select=None, packages_skip=None, packages_select_regex=None, packages_skip_regex=None, packages_start=None, packages_end=None, allow_overriding=[], cmake_args=None, cmake_target=None, cmake_target_skip_unavailable=False, cmake_clean_cache=False, cmake_clean_first=False, cmake_force_configure=False, ament_cmake_args=None, catkin_cmake_args=None, catkin_skip_building_tests=False, mixin_files=None, mixin=None, verb_parser=<colcon_mixin.mixin.mixin_argument.MixinArgumentDecorator object at 0x7f53d5a6caf0>, verb_extension=<colcon_core.verb.build.BuildVerb object at 0x7f53d5a6c640>, main=<bound method BuildVerb.main of <colcon_core.verb.build.BuildVerb object at 0x7f53d5a6c640>>, mixin_verb=('build',))
[0.705s] Level 1:colcon.colcon_core.package_discovery:discover_packages(colcon_meta) check parameters
[0.706s] Level 1:colcon.colcon_core.package_discovery:discover_packages(recursive) check parameters
[0.707s] Level 1:colcon.colcon_core.package_discovery:discover_packages(ignore) check parameters
[0.707s] Level 1:colcon.colcon_core.package_discovery:discover_packages(path) check parameters
[0.707s] Level 1:colcon.colcon_core.package_discovery:discover_packages(colcon_meta) discover
[0.707s] Level 1:colcon.colcon_core.package_discovery:discover_packages(recursive) discover
[0.707s] INFO:colcon.colcon_core.package_discovery:Crawling recursively for packages in '/home/r-bansode/amr-ros/colcon_ws'
[0.707s] Level 1:colcon.colcon_core.package_identification:_identify(.) by extensions ['ignore', 'ignore_ament_install']
[0.707s] Level 1:colcon.colcon_core.package_identification:_identify(.) by extension 'ignore'
[0.707s] Level 1:colcon.colcon_core.package_identification:_identify(.) by extension 'ignore_ament_install'
[0.708s] Level 1:colcon.colcon_core.package_identification:_identify(.) by extensions ['colcon_pkg']
[0.708s] Level 1:colcon.colcon_core.package_identification:_identify(.) by extension 'colcon_pkg'
[0.708s] Level 1:colcon.colcon_core.package_identification:_identify(.) by extensions ['colcon_meta']
[0.708s] Level 1:colcon.colcon_core.package_identification:_identify(.) by extension 'colcon_meta'
[0.708s] Level 1:colcon.colcon_core.package_identification:_identify(.) by extensions ['ros']
[0.708s] Level 1:colcon.colcon_core.package_identification:_identify(.) by extension 'ros'
[0.720s] Level 1:colcon.colcon_core.package_identification:_identify(.) by extensions ['cmake', 'python']
[0.721s] Level 1:colcon.colcon_core.package_identification:_identify(.) by extension 'cmake'
[0.721s] Level 1:colcon.colcon_core.package_identification:_identify(.) by extension 'python'
[0.721s] Level 1:colcon.colcon_core.package_identification:_identify(.) by extensions ['python_setup_py']
[0.721s] Level 1:colcon.colcon_core.package_identification:_identify(.) by extension 'python_setup_py'
[0.721s] Level 1:colcon.colcon_core.package_identification:_identify(build) by extensions ['ignore', 'ignore_ament_install']
[0.721s] Level 1:colcon.colcon_core.package_identification:_identify(build) by extension 'ignore'
[0.721s] Level 1:colcon.colcon_core.package_identification:_identify(build) ignored
[0.721s] Level 1:colcon.colcon_core.package_identification:_identify(install) by extensions ['ignore', 'ignore_ament_install']
[0.721s] Level 1:colcon.colcon_core.package_identification:_identify(install) by extension 'ignore'
[0.721s] Level 1:colcon.colcon_core.package_identification:_identify(install) ignored
[0.721s] Level 1:colcon.colcon_core.package_identification:_identify(log) by extensions ['ignore', 'ignore_ament_install']
[0.722s] Level 1:colcon.colcon_core.package_identification:_identify(log) by extension 'ignore'
[0.722s] Level 1:colcon.colcon_core.package_identification:_identify(log) ignored
[0.722s] Level 1:colcon.colcon_core.package_identification:_identify(src) by extensions ['ignore', 'ignore_ament_install']
[0.722s] Level 1:colcon.colcon_core.package_identification:_identify(src) by extension 'ignore'
[0.722s] Level 1:colcon.colcon_core.package_identification:_identify(src) by extension 'ignore_ament_install'
[0.722s] Level 1:colcon.colcon_core.package_identification:_identify(src) by extensions ['colcon_pkg']
[0.722s] Level 1:colcon.colcon_core.package_identification:_identify(src) by extension 'colcon_pkg'
[0.722s] Level 1:colcon.colcon_core.package_identification:_identify(src) by extensions ['colcon_meta']
[0.722s] Level 1:colcon.colcon_core.package_identification:_identify(src) by extension 'colcon_meta'
[0.722s] Level 1:colcon.colcon_core.package_identification:_identify(src) by extensions ['ros']
[0.722s] Level 1:colcon.colcon_core.package_identification:_identify(src) by extension 'ros'
[0.722s] Level 1:colcon.colcon_core.package_identification:_identify(src) by extensions ['cmake', 'python']
[0.722s] Level 1:colcon.colcon_core.package_identification:_identify(src) by extension 'cmake'
[0.722s] Level 1:colcon.colcon_core.package_identification:_identify(src) by extension 'python'
[0.722s] Level 1:colcon.colcon_core.package_identification:_identify(src) by extensions ['python_setup_py']
[0.722s] Level 1:colcon.colcon_core.package_identification:_identify(src) by extension 'python_setup_py'
[0.722s] Level 1:colcon.colcon_core.package_identification:_identify(src/amr_bringup) by extensions ['ignore', 'ignore_ament_install']
[0.722s] Level 1:colcon.colcon_core.package_identification:_identify(src/amr_bringup) by extension 'ignore'
[0.722s] Level 1:colcon.colcon_core.package_identification:_identify(src/amr_bringup) by extension 'ignore_ament_install'
[0.722s] Level 1:colcon.colcon_core.package_identification:_identify(src/amr_bringup) by extensions ['colcon_pkg']
[0.722s] Level 1:colcon.colcon_core.package_identification:_identify(src/amr_bringup) by extension 'colcon_pkg'
[0.722s] Level 1:colcon.colcon_core.package_identification:_identify(src/amr_bringup) by extensions ['colcon_meta']
[0.722s] Level 1:colcon.colcon_core.package_identification:_identify(src/amr_bringup) by extension 'colcon_meta'
[0.722s] Level 1:colcon.colcon_core.package_identification:_identify(src/amr_bringup) by extensions ['ros']
[0.722s] Level 1:colcon.colcon_core.package_identification:_identify(src/amr_bringup) by extension 'ros'
[0.726s] DEBUG:colcon.colcon_core.package_identification:Package 'src/amr_bringup' with type 'ros.ament_python' and name 'amr_bringup'
[0.726s] Level 1:colcon.colcon_core.package_identification:_identify(src/amr_description) by extensions ['ignore', 'ignore_ament_install']
[0.726s] Level 1:colcon.colcon_core.package_identification:_identify(src/amr_description) by extension 'ignore'
[0.726s] Level 1:colcon.colcon_core.package_identification:_identify(src/amr_description) by extension 'ignore_ament_install'
[0.727s] Level 1:colcon.colcon_core.package_identification:_identify(src/amr_description) by extensions ['colcon_pkg']
[0.727s] Level 1:colcon.colcon_core.package_identification:_identify(src/amr_description) by extension 'colcon_pkg'
[0.727s] Level 1:colcon.colcon_core.package_identification:_identify(src/amr_description) by extensions ['colcon_meta']
[0.727s] Level 1:colcon.colcon_core.package_identification:_identify(src/amr_description) by extension 'colcon_meta'
[0.727s] Level 1:colcon.colcon_core.package_identification:_identify(src/amr_description) by extensions ['ros']
[0.727s] Level 1:colcon.colcon_core.package_identification:_identify(src/amr_description) by extension 'ros'
[0.728s] DEBUG:colcon.colcon_core.package_identification:Package 'src/amr_description' with type 'ros.ament_python' and name 'amr_description'
[0.728s] Level 1:colcon.colcon_core.package_discovery:discover_packages(recursive) using defaults
[0.728s] Level 1:colcon.colcon_core.package_discovery:discover_packages(ignore) discover
[0.728s] Level 1:colcon.colcon_core.package_discovery:discover_packages(ignore) using defaults
[0.728s] Level 1:colcon.colcon_core.package_discovery:discover_packages(path) discover
[0.728s] Level 1:colcon.colcon_core.package_discovery:discover_packages(path) using defaults
[0.757s] Level 1:colcon.colcon_core.package_discovery:discover_packages(prefix_path) check parameters
[0.758s] Level 1:colcon.colcon_core.package_discovery:discover_packages(prefix_path) discover
[0.766s] DEBUG:colcon.colcon_installed_package_information.package_discovery:Found 45 installed packages in /home/r-bansode/agv_ws/install
[0.767s] DEBUG:colcon.colcon_installed_package_information.package_discovery:Found 55 installed packages in /home/r-bansode/ws_moveit/install
[0.769s] DEBUG:colcon.colcon_installed_package_information.package_discovery:Found 504 installed packages in /opt/ros/humble
[0.770s] Level 1:colcon.colcon_core.package_discovery:discover_packages(prefix_path) using defaults
[1.128s] Level 5:colcon.colcon_core.verb:set package 'amr_bringup' build argument 'cmake_args' from command line to 'None'
[1.129s] Level 5:colcon.colcon_core.verb:set package 'amr_bringup' build argument 'cmake_target' from command line to 'None'
[1.129s] Level 5:colcon.colcon_core.verb:set package 'amr_bringup' build argument 'cmake_target_skip_unavailable' from command line to 'False'
[1.129s] Level 5:colcon.colcon_core.verb:set package 'amr_bringup' build argument 'cmake_clean_cache' from command line to 'False'
[1.129s] Level 5:colcon.colcon_core.verb:set package 'amr_bringup' build argument 'cmake_clean_first' from command line to 'False'
[1.129s] Level 5:colcon.colcon_core.verb:set package 'amr_bringup' build argument 'cmake_force_configure' from command line to 'False'
[1.129s] Level 5:colcon.colcon_core.verb:set package 'amr_bringup' build argument 'ament_cmake_args' from command line to 'None'
[1.129s] Level 5:colcon.colcon_core.verb:set package 'amr_bringup' build argument 'catkin_cmake_args' from command line to 'None'
[1.129s] Level 5:colcon.colcon_core.verb:set package 'amr_bringup' build argument 'catkin_skip_building_tests' from command line to 'False'
[1.129s] DEBUG:colcon.colcon_core.verb:Building package 'amr_bringup' with the following arguments: {'ament_cmake_args': None, 'build_base': '/home/r-bansode/amr-ros/colcon_ws/build/amr_bringup', 'catkin_cmake_args': None, 'catkin_skip_building_tests': False, 'cmake_args': None, 'cmake_clean_cache': False, 'cmake_clean_first': False, 'cmake_force_configure': False, 'cmake_target': None, 'cmake_target_skip_unavailable': False, 'install_base': '/home/r-bansode/amr-ros/colcon_ws/install/amr_bringup', 'merge_install': False, 'path': '/home/r-bansode/amr-ros/colcon_ws/src/amr_bringup', 'symlink_install': False, 'test_result_base': None}
[1.131s] Level 5:colcon.colcon_core.verb:set package 'amr_description' build argument 'cmake_args' from command line to 'None'
[1.131s] Level 5:colcon.colcon_core.verb:set package 'amr_description' build argument 'cmake_target' from command line to 'None'
[1.131s] Level 5:colcon.colcon_core.verb:set package 'amr_description' build argument 'cmake_target_skip_unavailable' from command line to 'False'
[1.131s] Level 5:colcon.colcon_core.verb:set package 'amr_description' build argument 'cmake_clean_cache' from command line to 'False'
[1.131s] Level 5:colcon.colcon_core.verb:set package 'amr_description' build argument 'cmake_clean_first' from command line to 'False'
[1.131s] Level 5:colcon.colcon_core.verb:set package 'amr_description' build argument 'cmake_force_configure' from command line to 'False'
[1.131s] Level 5:colcon.colcon_core.verb:set package 'amr_description' build argument 'ament_cmake_args' from command line to 'None'
[1.132s] Level 5:colcon.colcon_core.verb:set package 'amr_description' build argument 'catkin_cmake_args' from command line to 'None'
[1.132s] Level 5:colcon.colcon_core.verb:set package 'amr_description' build argument 'catkin_skip_building_tests' from command line to 'False'
[1.132s] DEBUG:colcon.colcon_core.verb:Building package 'amr_description' with the following arguments: {'ament_cmake_args': None, 'build_base': '/home/r-bansode/amr-ros/colcon_ws/build/amr_description', 'catkin_cmake_args': None, 'catkin_skip_building_tests': False, 'cmake_args': None, 'cmake_clean_cache': False, 'cmake_clean_first': False, 'cmake_force_configure': False, 'cmake_target': None, 'cmake_target_skip_unavailable': False, 'install_base': '/home/r-bansode/amr-ros/colcon_ws/install/amr_description', 'merge_install': False, 'path': '/home/r-bansode/amr-ros/colcon_ws/src/amr_description', 'symlink_install': False, 'test_result_base': None}
[1.132s] INFO:colcon.colcon_core.executor:Executing jobs using 'parallel' executor
[1.135s] DEBUG:colcon.colcon_parallel_executor.executor.parallel:run_until_complete
[1.137s] INFO:colcon.colcon_ros.task.ament_python.build:Building ROS package in '/home/r-bansode/amr-ros/colcon_ws/src/amr_bringup' with build type 'ament_python'
[1.137s] Level 1:colcon.colcon_core.shell:create_environment_hook('amr_bringup', 'ament_prefix_path')
[1.148s] INFO:colcon.colcon_core.plugin_system:Skipping extension 'colcon_core.shell.bat': Not used on non-Windows systems
[1.148s] INFO:colcon.colcon_core.shell:Creating environment hook '/home/r-bansode/amr-ros/colcon_ws/install/amr_bringup/share/amr_bringup/hook/ament_prefix_path.ps1'
[1.150s] INFO:colcon.colcon_core.shell:Creating environment descriptor '/home/r-bansode/amr-ros/colcon_ws/install/amr_bringup/share/amr_bringup/hook/ament_prefix_path.dsv'
[1.152s] INFO:colcon.colcon_core.shell:Creating environment hook '/home/r-bansode/amr-ros/colcon_ws/install/amr_bringup/share/amr_bringup/hook/ament_prefix_path.sh'
[1.154s] INFO:colcon.colcon_core.shell:Skip shell extension 'powershell' for command environment: Not usable outside of PowerShell
[1.154s] DEBUG:colcon.colcon_core.shell:Skip shell extension 'dsv' for command environment
[1.166s] INFO:colcon.colcon_ros.task.ament_python.build:Building ROS package in '/home/r-bansode/amr-ros/colcon_ws/src/amr_description' with build type 'ament_python'
[1.166s] Level 1:colcon.colcon_core.shell:create_environment_hook('amr_description', 'ament_prefix_path')
[1.166s] INFO:colcon.colcon_core.shell:Creating environment hook '/home/r-bansode/amr-ros/colcon_ws/install/amr_description/share/amr_description/hook/ament_prefix_path.ps1'
[1.166s] INFO:colcon.colcon_core.shell:Creating environment descriptor '/home/r-bansode/amr-ros/colcon_ws/install/amr_description/share/amr_description/hook/ament_prefix_path.dsv'
[1.167s] INFO:colcon.colcon_core.shell:Creating environment hook '/home/r-bansode/amr-ros/colcon_ws/install/amr_description/share/amr_description/hook/ament_prefix_path.sh'
[1.168s] INFO:colcon.colcon_core.shell:Skip shell extension 'powershell' for command environment: Not usable outside of PowerShell
[1.168s] DEBUG:colcon.colcon_core.shell:Skip shell extension 'dsv' for command environment
[1.434s] WARNING:colcon.colcon_ros.task.ament_python.build:Package 'amr_bringup' doesn't explicitly install a marker in the package index (colcon-ros currently does it implicitly but that fallback will be removed in the future)
[1.434s] INFO:colcon.colcon_core.task.python.build:Building Python package in '/home/r-bansode/amr-ros/colcon_ws/src/amr_bringup'
[1.434s] INFO:colcon.colcon_core.shell:Skip shell extension 'powershell' for command environment: Not usable outside of PowerShell
[1.434s] DEBUG:colcon.colcon_core.shell:Skip shell extension 'dsv' for command environment
[1.719s] INFO:colcon.colcon_core.task.python.build:Building Python package in '/home/r-bansode/amr-ros/colcon_ws/src/amr_description'
[1.719s] INFO:colcon.colcon_core.shell:Skip shell extension 'powershell' for command environment: Not usable outside of PowerShell
[1.720s] DEBUG:colcon.colcon_core.shell:Skip shell extension 'dsv' for command environment
[2.200s] DEBUG:colcon.colcon_core.event_handler.log_command:Invoking command in '/home/r-bansode/amr-ros/colcon_ws/src/amr_description': PYTHONPATH=/home/r-bansode/amr-ros/colcon_ws/build/amr_description/prefix_override:/usr/lib/python3/dist-packages/colcon_core/task/python/colcon_distutils_commands:/home/r-bansode/amr-ros/colcon_ws/install/amr_description/lib/python3.10/site-packages:${PYTHONPATH} /usr/bin/python3 -W ignore:setup.py install is deprecated -W ignore:easy_install command is deprecated setup.py egg_info --egg-base ../../build/amr_description build --build-base /home/r-bansode/amr-ros/colcon_ws/build/amr_description/build install --record /home/r-bansode/amr-ros/colcon_ws/build/amr_description/install.log --single-version-externally-managed install_data
[2.211s] DEBUG:colcon.colcon_core.event_handler.log_command:Invoking command in '/home/r-bansode/amr-ros/colcon_ws/src/amr_bringup': PYTHONPATH=/home/r-bansode/amr-ros/colcon_ws/build/amr_bringup/prefix_override:/usr/lib/python3/dist-packages/colcon_core/task/python/colcon_distutils_commands:/home/r-bansode/amr-ros/colcon_ws/install/amr_bringup/lib/python3.10/site-packages:${PYTHONPATH} /usr/bin/python3 -W ignore:setup.py install is deprecated -W ignore:easy_install command is deprecated setup.py egg_info --egg-base ../../build/amr_bringup build --build-base /home/r-bansode/amr-ros/colcon_ws/build/amr_bringup/build install --record /home/r-bansode/amr-ros/colcon_ws/build/amr_bringup/install.log --single-version-externally-managed install_data
[2.512s] DEBUG:colcon.colcon_core.event_handler.log_command:Invoked command in '/home/r-bansode/amr-ros/colcon_ws/src/amr_bringup' returned '0': PYTHONPATH=/home/r-bansode/amr-ros/colcon_ws/build/amr_bringup/prefix_override:/usr/lib/python3/dist-packages/colcon_core/task/python/colcon_distutils_commands:/home/r-bansode/amr-ros/colcon_ws/install/amr_bringup/lib/python3.10/site-packages:${PYTHONPATH} /usr/bin/python3 -W ignore:setup.py install is deprecated -W ignore:easy_install command is deprecated setup.py egg_info --egg-base ../../build/amr_bringup build --build-base /home/r-bansode/amr-ros/colcon_ws/build/amr_bringup/build install --record /home/r-bansode/amr-ros/colcon_ws/build/amr_bringup/install.log --single-version-externally-managed install_data
[2.520s] Level 1:colcon.colcon_core.environment:checking '/home/r-bansode/amr-ros/colcon_ws/install/amr_bringup' for CMake module files
[2.521s] Level 1:colcon.colcon_core.environment:checking '/home/r-bansode/amr-ros/colcon_ws/install/amr_bringup' for CMake config files
[2.522s] Level 1:colcon.colcon_core.environment:checking '/home/r-bansode/amr-ros/colcon_ws/install/amr_bringup/lib'
[2.522s] Level 1:colcon.colcon_core.environment:checking '/home/r-bansode/amr-ros/colcon_ws/install/amr_bringup/bin'
[2.522s] Level 1:colcon.colcon_core.environment:checking '/home/r-bansode/amr-ros/colcon_ws/install/amr_bringup/lib/pkgconfig/amr_bringup.pc'
[2.522s] Level 1:colcon.colcon_core.environment:checking '/home/r-bansode/amr-ros/colcon_ws/install/amr_bringup/lib/python3.10/site-packages'
[2.522s] Level 1:colcon.colcon_core.shell:create_environment_hook('amr_bringup', 'pythonpath')
[2.522s] INFO:colcon.colcon_core.shell:Creating environment hook '/home/r-bansode/amr-ros/colcon_ws/install/amr_bringup/share/amr_bringup/hook/pythonpath.ps1'
[2.523s] INFO:colcon.colcon_core.shell:Creating environment descriptor '/home/r-bansode/amr-ros/colcon_ws/install/amr_bringup/share/amr_bringup/hook/pythonpath.dsv'
[2.524s] INFO:colcon.colcon_core.shell:Creating environment hook '/home/r-bansode/amr-ros/colcon_ws/install/amr_bringup/share/amr_bringup/hook/pythonpath.sh'
[2.525s] Level 1:colcon.colcon_core.environment:checking '/home/r-bansode/amr-ros/colcon_ws/install/amr_bringup/bin'
[2.525s] Level 1:colcon.colcon_core.environment:create_environment_scripts_only(amr_bringup)
[2.525s] INFO:colcon.colcon_core.shell:Creating package script '/home/r-bansode/amr-ros/colcon_ws/install/amr_bringup/share/amr_bringup/package.ps1'
[2.527s] INFO:colcon.colcon_core.shell:Creating package descriptor '/home/r-bansode/amr-ros/colcon_ws/install/amr_bringup/share/amr_bringup/package.dsv'
[2.528s] INFO:colcon.colcon_core.shell:Creating package script '/home/r-bansode/amr-ros/colcon_ws/install/amr_bringup/share/amr_bringup/package.sh'
[2.529s] INFO:colcon.colcon_core.shell:Creating package script '/home/r-bansode/amr-ros/colcon_ws/install/amr_bringup/share/amr_bringup/package.bash'
[2.531s] INFO:colcon.colcon_core.shell:Creating package script '/home/r-bansode/amr-ros/colcon_ws/install/amr_bringup/share/amr_bringup/package.zsh'
[2.532s] Level 1:colcon.colcon_core.environment:create_file_with_runtime_dependencies(/home/r-bansode/amr-ros/colcon_ws/install/amr_bringup/share/colcon-core/packages/amr_bringup)
[2.533s] Level 1:colcon.colcon_core.environment:checking '/home/r-bansode/amr-ros/colcon_ws/install/amr_description' for CMake module files
[2.534s] Level 1:colcon.colcon_core.environment:checking '/home/r-bansode/amr-ros/colcon_ws/install/amr_description' for CMake config files
[2.535s] DEBUG:colcon.colcon_core.event_handler.log_command:Invoked command in '/home/r-bansode/amr-ros/colcon_ws/src/amr_description' returned '0': PYTHONPATH=/home/r-bansode/amr-ros/colcon_ws/build/amr_description/prefix_override:/usr/lib/python3/dist-packages/colcon_core/task/python/colcon_distutils_commands:/home/r-bansode/amr-ros/colcon_ws/install/amr_description/lib/python3.10/site-packages:${PYTHONPATH} /usr/bin/python3 -W ignore:setup.py install is deprecated -W ignore:easy_install command is deprecated setup.py egg_info --egg-base ../../build/amr_description build --build-base /home/r-bansode/amr-ros/colcon_ws/build/amr_description/build install --record /home/r-bansode/amr-ros/colcon_ws/build/amr_description/install.log --single-version-externally-managed install_data
[2.536s] Level 1:colcon.colcon_core.environment:checking '/home/r-bansode/amr-ros/colcon_ws/install/amr_description/lib'
[2.536s] Level 1:colcon.colcon_core.environment:checking '/home/r-bansode/amr-ros/colcon_ws/install/amr_description/bin'
[2.536s] Level 1:colcon.colcon_core.environment:checking '/home/r-bansode/amr-ros/colcon_ws/install/amr_description/lib/pkgconfig/amr_description.pc'
[2.537s] Level 1:colcon.colcon_core.environment:checking '/home/r-bansode/amr-ros/colcon_ws/install/amr_description/lib/python3.10/site-packages'
[2.537s] Level 1:colcon.colcon_core.shell:create_environment_hook('amr_description', 'pythonpath')
[2.538s] INFO:colcon.colcon_core.shell:Creating environment hook '/home/r-bansode/amr-ros/colcon_ws/install/amr_description/share/amr_description/hook/pythonpath.ps1'
[2.539s] INFO:colcon.colcon_core.shell:Creating environment descriptor '/home/r-bansode/amr-ros/colcon_ws/install/amr_description/share/amr_description/hook/pythonpath.dsv'
[2.540s] INFO:colcon.colcon_core.shell:Creating environment hook '/home/r-bansode/amr-ros/colcon_ws/install/amr_description/share/amr_description/hook/pythonpath.sh'
[2.542s] Level 1:colcon.colcon_core.environment:checking '/home/r-bansode/amr-ros/colcon_ws/install/amr_description/bin'
[2.542s] Level 1:colcon.colcon_core.environment:create_environment_scripts_only(amr_description)
[2.542s] INFO:colcon.colcon_core.shell:Creating package script '/home/r-bansode/amr-ros/colcon_ws/install/amr_description/share/amr_description/package.ps1'
[2.543s] INFO:colcon.colcon_core.shell:Creating package descriptor '/home/r-bansode/amr-ros/colcon_ws/install/amr_description/share/amr_description/package.dsv'
[2.544s] INFO:colcon.colcon_core.shell:Creating package script '/home/r-bansode/amr-ros/colcon_ws/install/amr_description/share/amr_description/package.sh'
[2.545s] INFO:colcon.colcon_core.shell:Creating package script '/home/r-bansode/amr-ros/colcon_ws/install/amr_description/share/amr_description/package.bash'
[2.545s] INFO:colcon.colcon_core.shell:Creating package script '/home/r-bansode/amr-ros/colcon_ws/install/amr_description/share/amr_description/package.zsh'
[2.546s] Level 1:colcon.colcon_core.environment:create_file_with_runtime_dependencies(/home/r-bansode/amr-ros/colcon_ws/install/amr_description/share/colcon-core/packages/amr_description)
[2.547s] DEBUG:colcon.colcon_parallel_executor.executor.parallel:closing loop
[2.547s] DEBUG:colcon.colcon_parallel_executor.executor.parallel:loop closed
[2.548s] DEBUG:colcon.colcon_parallel_executor.executor.parallel:run_until_complete finished with '0'
[2.548s] DEBUG:colcon.colcon_core.event_reactor:joining thread
[2.557s] INFO:colcon.colcon_core.plugin_system:Skipping extension 'colcon_notification.desktop_notification.terminal_notifier': Not used on non-Darwin systems
[2.557s] INFO:colcon.colcon_core.plugin_system:Skipping extension 'colcon_notification.desktop_notification.win32': Not used on non-Windows systems
[2.558s] INFO:colcon.colcon_notification.desktop_notification:Sending desktop notification using 'notify2'
[2.588s] DEBUG:colcon.colcon_core.event_reactor:joined thread
[2.588s] INFO:colcon.colcon_core.shell:Creating prefix script '/home/r-bansode/amr-ros/colcon_ws/install/local_setup.ps1'
[2.591s] INFO:colcon.colcon_core.shell:Creating prefix util module '/home/r-bansode/amr-ros/colcon_ws/install/_local_setup_util_ps1.py'
[2.593s] INFO:colcon.colcon_core.shell:Creating prefix chain script '/home/r-bansode/amr-ros/colcon_ws/install/setup.ps1'
[2.598s] INFO:colcon.colcon_core.shell:Creating prefix script '/home/r-bansode/amr-ros/colcon_ws/install/local_setup.sh'
[2.599s] INFO:colcon.colcon_core.shell:Creating prefix util module '/home/r-bansode/amr-ros/colcon_ws/install/_local_setup_util_sh.py'
[2.600s] INFO:colcon.colcon_core.shell:Creating prefix chain script '/home/r-bansode/amr-ros/colcon_ws/install/setup.sh'
[2.605s] INFO:colcon.colcon_core.shell:Creating prefix script '/home/r-bansode/amr-ros/colcon_ws/install/local_setup.bash'
[2.606s] INFO:colcon.colcon_core.shell:Creating prefix chain script '/home/r-bansode/amr-ros/colcon_ws/install/setup.bash'
[2.610s] INFO:colcon.colcon_core.shell:Creating prefix script '/home/r-bansode/amr-ros/colcon_ws/install/local_setup.zsh'
[2.612s] INFO:colcon.colcon_core.shell:Creating prefix chain script '/home/r-bansode/amr-ros/colcon_ws/install/setup.zsh'
