[0.917s] Invoking command in '/home/r-bansode/amr-ros/colcon_ws/src/amr_description': PYTHONPATH=/home/r-bansode/amr-ros/colcon_ws/build/amr_description/prefix_override:/usr/lib/python3/dist-packages/colcon_core/task/python/colcon_distutils_commands:/home/r-bansode/amr-ros/colcon_ws/install/amr_description/lib/python3.10/site-packages:${PYTHONPATH} /usr/bin/python3 -W ignore:setup.py install is deprecated -W ignore:easy_install command is deprecated setup.py egg_info --egg-base ../../build/amr_description build --build-base /home/r-bansode/amr-ros/colcon_ws/build/amr_description/build install --record /home/r-bansode/amr-ros/colcon_ws/build/amr_description/install.log --single-version-externally-managed install_data
[1.143s] running egg_info
[1.146s] creating ../../build/amr_description/amr_description.egg-info
[1.146s] writing ../../build/amr_description/amr_description.egg-info/PKG-INFO
[1.147s] writing dependency_links to ../../build/amr_description/amr_description.egg-info/dependency_links.txt
[1.147s] writing entry points to ../../build/amr_description/amr_description.egg-info/entry_points.txt
[1.150s] writing requirements to ../../build/amr_description/amr_description.egg-info/requires.txt
[1.150s] writing top-level names to ../../build/amr_description/amr_description.egg-info/top_level.txt
[1.150s] writing manifest file '../../build/amr_description/amr_description.egg-info/SOURCES.txt'
[1.150s] reading manifest file '../../build/amr_description/amr_description.egg-info/SOURCES.txt'
[1.150s] writing manifest file '../../build/amr_description/amr_description.egg-info/SOURCES.txt'
[1.150s] running build
[1.150s] running build_py
[1.150s] creating /home/r-bansode/amr-ros/colcon_ws/build/amr_description/build
[1.150s] creating /home/r-bansode/amr-ros/colcon_ws/build/amr_description/build/lib
[1.150s] creating /home/r-bansode/amr-ros/colcon_ws/build/amr_description/build/lib/amr_description
[1.150s] copying amr_description/__init__.py -> /home/r-bansode/amr-ros/colcon_ws/build/amr_description/build/lib/amr_description
[1.150s] running install
[1.151s] running install_lib
[1.151s] creating /home/r-bansode/amr-ros/colcon_ws/install/amr_description/lib/python3.10/site-packages/amr_description
[1.151s] copying /home/r-bansode/amr-ros/colcon_ws/build/amr_description/build/lib/amr_description/__init__.py -> /home/r-bansode/amr-ros/colcon_ws/install/amr_description/lib/python3.10/site-packages/amr_description
[1.151s] byte-compiling /home/r-bansode/amr-ros/colcon_ws/install/amr_description/lib/python3.10/site-packages/amr_description/__init__.py to __init__.cpython-310.pyc
[1.151s] running install_data
[1.151s] copying urdf/amr.urdf -> /home/r-bansode/amr-ros/colcon_ws/install/amr_description/share/amr_description/urdf
[1.151s] running install_egg_info
[1.152s] Copying ../../build/amr_description/amr_description.egg-info to /home/r-bansode/amr-ros/colcon_ws/install/amr_description/lib/python3.10/site-packages/amr_description-0.0.0-py3.10.egg-info
[1.152s] running install_scripts
[1.169s] writing list of installed files to '/home/r-bansode/amr-ros/colcon_ws/build/amr_description/install.log'
[1.191s] Invoked command in '/home/r-bansode/amr-ros/colcon_ws/src/amr_description' returned '0': PYTHONPATH=/home/r-bansode/amr-ros/colcon_ws/build/amr_description/prefix_override:/usr/lib/python3/dist-packages/colcon_core/task/python/colcon_distutils_commands:/home/r-bansode/amr-ros/colcon_ws/install/amr_description/lib/python3.10/site-packages:${PYTHONPATH} /usr/bin/python3 -W ignore:setup.py install is deprecated -W ignore:easy_install command is deprecated setup.py egg_info --egg-base ../../build/amr_description build --build-base /home/r-bansode/amr-ros/colcon_ws/build/amr_description/build install --record /home/r-bansode/amr-ros/colcon_ws/build/amr_description/install.log --single-version-externally-managed install_data
