[1.005s] Invoking command in '/home/r-bansode/amr-ros/colcon_ws/src/amr_description': PYTHONPATH=/home/r-bansode/amr-ros/colcon_ws/build/amr_description/prefix_override:/usr/lib/python3/dist-packages/colcon_core/task/python/colcon_distutils_commands:/home/r-bansode/amr-ros/colcon_ws/install/amr_description/lib/python3.10/site-packages:${PYTHONPATH} /usr/bin/python3 -W ignore:setup.py install is deprecated -W ignore:easy_install command is deprecated setup.py egg_info --egg-base ../../build/amr_description build --build-base /home/r-bansode/amr-ros/colcon_ws/build/amr_description/build install --record /home/r-bansode/amr-ros/colcon_ws/build/amr_description/install.log --single-version-externally-managed install_data
[1.228s] running egg_info
[1.228s] writing ../../build/amr_description/amr_description.egg-info/PKG-INFO
[1.228s] writing dependency_links to ../../build/amr_description/amr_description.egg-info/dependency_links.txt
[1.228s] writing entry points to ../../build/amr_description/amr_description.egg-info/entry_points.txt
[1.228s] writing requirements to ../../build/amr_description/amr_description.egg-info/requires.txt
[1.228s] writing top-level names to ../../build/amr_description/amr_description.egg-info/top_level.txt
[1.228s] reading manifest file '../../build/amr_description/amr_description.egg-info/SOURCES.txt'
[1.236s] writing manifest file '../../build/amr_description/amr_description.egg-info/SOURCES.txt'
[1.236s] running build
[1.236s] running build_py
[1.236s] copying amr_description/navigation.py -> /home/r-bansode/amr-ros/colcon_ws/build/amr_description/build/lib/amr_description
[1.241s] copying amr_description/ground_truth_waypoint_follower.py -> /home/r-bansode/amr-ros/colcon_ws/build/amr_description/build/lib/amr_description
[1.243s] running install
[1.243s] running install_lib
[1.247s] copying /home/r-bansode/amr-ros/colcon_ws/build/amr_description/build/lib/amr_description/navigation.py -> /home/r-bansode/amr-ros/colcon_ws/install/amr_description/lib/python3.10/site-packages/amr_description
[1.251s] copying /home/r-bansode/amr-ros/colcon_ws/build/amr_description/build/lib/amr_description/ground_truth_waypoint_follower.py -> /home/r-bansode/amr-ros/colcon_ws/install/amr_description/lib/python3.10/site-packages/amr_description
[1.251s] byte-compiling /home/r-bansode/amr-ros/colcon_ws/install/amr_description/lib/python3.10/site-packages/amr_description/navigation.py to navigation.cpython-310.pyc
[1.260s] byte-compiling /home/r-bansode/amr-ros/colcon_ws/install/amr_description/lib/python3.10/site-packages/amr_description/ground_truth_waypoint_follower.py to ground_truth_waypoint_follower.cpython-310.pyc
[1.260s] running install_data
[1.260s] copying launch/navigation.launch.py -> /home/r-bansode/amr-ros/colcon_ws/install/amr_description/share/amr_description/launch
[1.260s] running install_egg_info
[1.260s] removing '/home/r-bansode/amr-ros/colcon_ws/install/amr_description/lib/python3.10/site-packages/amr_description-0.0.0-py3.10.egg-info' (and everything under it)
[1.260s] Copying ../../build/amr_description/amr_description.egg-info to /home/r-bansode/amr-ros/colcon_ws/install/amr_description/lib/python3.10/site-packages/amr_description-0.0.0-py3.10.egg-info
[1.260s] running install_scripts
[1.280s] Installing battery_sim script to /home/r-bansode/amr-ros/colcon_ws/install/amr_description/lib/amr_description
[1.281s] Installing charger_dock_monitor script to /home/r-bansode/amr-ros/colcon_ws/install/amr_description/lib/amr_description
[1.281s] Installing ground_truth_waypoint_follower.py script to /home/r-bansode/amr-ros/colcon_ws/install/amr_description/lib/amr_description
[1.281s] Installing nav2navigator script to /home/r-bansode/amr-ros/colcon_ws/install/amr_description/lib/amr_description
[1.286s] Installing obstacle_detection_node script to /home/r-bansode/amr-ros/colcon_ws/install/amr_description/lib/amr_description
[1.287s] Installing odom_sim_filter script to /home/r-bansode/amr-ros/colcon_ws/install/amr_description/lib/amr_description
[1.287s] writing list of installed files to '/home/r-bansode/amr-ros/colcon_ws/build/amr_description/install.log'
[1.311s] Invoked command in '/home/r-bansode/amr-ros/colcon_ws/src/amr_description' returned '0': PYTHONPATH=/home/r-bansode/amr-ros/colcon_ws/build/amr_description/prefix_override:/usr/lib/python3/dist-packages/colcon_core/task/python/colcon_distutils_commands:/home/r-bansode/amr-ros/colcon_ws/install/amr_description/lib/python3.10/site-packages:${PYTHONPATH} /usr/bin/python3 -W ignore:setup.py install is deprecated -W ignore:easy_install command is deprecated setup.py egg_info --egg-base ../../build/amr_description build --build-base /home/r-bansode/amr-ros/colcon_ws/build/amr_description/build install --record /home/r-bansode/amr-ros/colcon_ws/build/amr_description/install.log --single-version-externally-managed install_data
