[0.937s] Invoking command in '/home/r-bansode/amr-ros/colcon_ws/src/amr_description': PYTHONPATH=/home/r-bansode/amr-ros/colcon_ws/build/amr_description/prefix_override:/usr/lib/python3/dist-packages/colcon_core/task/python/colcon_distutils_commands:/home/r-bansode/amr-ros/colcon_ws/install/amr_description/lib/python3.10/site-packages:${PYTHONPATH} /usr/bin/python3 -W ignore:setup.py install is deprecated -W ignore:easy_install command is deprecated setup.py egg_info --egg-base ../../build/amr_description build --build-base /home/r-bansode/amr-ros/colcon_ws/build/amr_description/build install --record /home/r-bansode/amr-ros/colcon_ws/build/amr_description/install.log --single-version-externally-managed install_data
[1.149s] running egg_info
[1.152s] writing ../../build/amr_description/amr_description.egg-info/PKG-INFO
[1.152s] writing dependency_links to ../../build/amr_description/amr_description.egg-info/dependency_links.txt
[1.152s] writing entry points to ../../build/amr_description/amr_description.egg-info/entry_points.txt
[1.152s] writing requirements to ../../build/amr_description/amr_description.egg-info/requires.txt
[1.152s] writing top-level names to ../../build/amr_description/amr_description.egg-info/top_level.txt
[1.152s] reading manifest file '../../build/amr_description/amr_description.egg-info/SOURCES.txt'
[1.157s] writing manifest file '../../build/amr_description/amr_description.egg-info/SOURCES.txt'
[1.162s] running build
[1.162s] running build_py
[1.162s] running install
[1.162s] running install_lib
[1.162s] running install_data
[1.162s] copying launch/display.launch.py -> /home/r-bansode/amr-ros/colcon_ws/install/amr_description/share/amr_description/launch
[1.162s] creating /home/r-bansode/amr-ros/colcon_ws/install/amr_description/share/amr_description/worlds
[1.163s] copying worlds/map.world -> /home/r-bansode/amr-ros/colcon_ws/install/amr_description/share/amr_description/worlds
[1.163s] copying worlds/model.config -> /home/r-bansode/amr-ros/colcon_ws/install/amr_description/share/amr_description/worlds
[1.163s] copying worlds/model.sdf -> /home/r-bansode/amr-ros/colcon_ws/install/amr_description/share/amr_description/worlds
[1.164s] copying worlds/map1.world -> /home/r-bansode/amr-ros/colcon_ws/install/amr_description/share/amr_description/worlds
[1.164s] copying worlds/thumbnails/3.png -> /home/r-bansode/amr-ros/colcon_ws/install/amr_description/share/amr_description/worlds
[1.164s] copying worlds/thumbnails/2.png -> /home/r-bansode/amr-ros/colcon_ws/install/amr_description/share/amr_description/worlds
[1.164s] copying worlds/thumbnails/1.png -> /home/r-bansode/amr-ros/colcon_ws/install/amr_description/share/amr_description/worlds
[1.164s] copying worlds/meshes/walk.dae -> /home/r-bansode/amr-ros/colcon_ws/install/amr_description/share/amr_description/worlds
[1.164s] running install_egg_info
[1.168s] removing '/home/r-bansode/amr-ros/colcon_ws/install/amr_description/lib/python3.10/site-packages/amr_description-0.0.0-py3.10.egg-info' (and everything under it)
[1.168s] Copying ../../build/amr_description/amr_description.egg-info to /home/r-bansode/amr-ros/colcon_ws/install/amr_description/lib/python3.10/site-packages/amr_description-0.0.0-py3.10.egg-info
[1.170s] running install_scripts
[1.188s] Installing ground_truth_waypoint_follower.py script to /home/r-bansode/amr-ros/colcon_ws/install/amr_description/lib/amr_description
[1.189s] Installing obstacle_detection_node script to /home/r-bansode/amr-ros/colcon_ws/install/amr_description/lib/amr_description
[1.190s] Installing odom_sim_filter script to /home/r-bansode/amr-ros/colcon_ws/install/amr_description/lib/amr_description
[1.190s] writing list of installed files to '/home/r-bansode/amr-ros/colcon_ws/build/amr_description/install.log'
[1.214s] Invoked command in '/home/r-bansode/amr-ros/colcon_ws/src/amr_description' returned '0': PYTHONPATH=/home/r-bansode/amr-ros/colcon_ws/build/amr_description/prefix_override:/usr/lib/python3/dist-packages/colcon_core/task/python/colcon_distutils_commands:/home/r-bansode/amr-ros/colcon_ws/install/amr_description/lib/python3.10/site-packages:${PYTHONPATH} /usr/bin/python3 -W ignore:setup.py install is deprecated -W ignore:easy_install command is deprecated setup.py egg_info --egg-base ../../build/amr_description build --build-base /home/r-bansode/amr-ros/colcon_ws/build/amr_description/build install --record /home/r-bansode/amr-ros/colcon_ws/build/amr_description/install.log --single-version-externally-managed install_data
