[2.004s] Invoking command in '/workspace/colcon_ws/src/amr_description': PYTHONPATH=/workspace/colcon_ws/build/amr_description/prefix_override:/usr/lib/python3/dist-packages/colcon_core/task/python/colcon_distutils_commands:/workspace/colcon_ws/install/amr_description/lib/python3.10/site-packages:${PYTHONPATH} /usr/bin/python3 -W ignore:setup.py install is deprecated -W ignore:easy_install command is deprecated setup.py egg_info --egg-base ../../build/amr_description build --build-base /workspace/colcon_ws/build/amr_description/build install --record /workspace/colcon_ws/build/amr_description/install.log --single-version-externally-managed install_data
[2.496s] running egg_info
[2.499s] writing ../../build/amr_description/amr_description.egg-info/PKG-INFO
[2.499s] writing dependency_links to ../../build/amr_description/amr_description.egg-info/dependency_links.txt
[2.500s] writing entry points to ../../build/amr_description/amr_description.egg-info/entry_points.txt
[2.501s] writing requirements to ../../build/amr_description/amr_description.egg-info/requires.txt
[2.502s] writing top-level names to ../../build/amr_description/amr_description.egg-info/top_level.txt
[2.509s] reading manifest file '../../build/amr_description/amr_description.egg-info/SOURCES.txt'
[2.510s] writing manifest file '../../build/amr_description/amr_description.egg-info/SOURCES.txt'
[2.510s] running build
[2.510s] running build_py
[2.510s] running install
[2.510s] running install_lib
[2.512s] running install_data
[2.513s] running install_egg_info
[2.517s] removing '/workspace/colcon_ws/install/amr_description/lib/python3.10/site-packages/amr_description-0.0.0-py3.10.egg-info' (and everything under it)
[2.521s] Copying ../../build/amr_description/amr_description.egg-info to /workspace/colcon_ws/install/amr_description/lib/python3.10/site-packages/amr_description-0.0.0-py3.10.egg-info
[2.522s] running install_scripts
[2.573s] writing list of installed files to '/workspace/colcon_ws/build/amr_description/install.log'
[2.657s] Invoked command in '/workspace/colcon_ws/src/amr_description' returned '0': PYTHONPATH=/workspace/colcon_ws/build/amr_description/prefix_override:/usr/lib/python3/dist-packages/colcon_core/task/python/colcon_distutils_commands:/workspace/colcon_ws/install/amr_description/lib/python3.10/site-packages:${PYTHONPATH} /usr/bin/python3 -W ignore:setup.py install is deprecated -W ignore:easy_install command is deprecated setup.py egg_info --egg-base ../../build/amr_description build --build-base /workspace/colcon_ws/build/amr_description/build install --record /workspace/colcon_ws/build/amr_description/install.log --single-version-externally-managed install_data
