[1.928s] Invoking command in '/workspace/colcon_ws/src/amr_bringup': PYTHONPATH=/workspace/colcon_ws/build/amr_bringup/prefix_override:/usr/lib/python3/dist-packages/colcon_core/task/python/colcon_distutils_commands:/workspace/colcon_ws/install/amr_bringup/lib/python3.10/site-packages:${PYTHONPATH} /usr/bin/python3 -W ignore:setup.py install is deprecated -W ignore:easy_install command is deprecated setup.py egg_info --egg-base ../../build/amr_bringup build --build-base /workspace/colcon_ws/build/amr_bringup/build install --record /workspace/colcon_ws/build/amr_bringup/install.log --single-version-externally-managed install_data
[2.459s] running egg_info
[2.460s] writing ../../build/amr_bringup/amr_bringup.egg-info/PKG-INFO
[2.461s] writing dependency_links to ../../build/amr_bringup/amr_bringup.egg-info/dependency_links.txt
[2.461s] writing entry points to ../../build/amr_bringup/amr_bringup.egg-info/entry_points.txt
[2.463s] writing requirements to ../../build/amr_bringup/amr_bringup.egg-info/requires.txt
[2.463s] writing top-level names to ../../build/amr_bringup/amr_bringup.egg-info/top_level.txt
[2.465s] reading manifest file '../../build/amr_bringup/amr_bringup.egg-info/SOURCES.txt'
[2.466s] writing manifest file '../../build/amr_bringup/amr_bringup.egg-info/SOURCES.txt'
[2.467s] running build
[2.467s] running build_py
[2.467s] running install
[2.468s] running install_lib
[2.472s] running install_data
[2.473s] running install_egg_info
[2.478s] removing '/workspace/colcon_ws/install/amr_bringup/lib/python3.10/site-packages/amr_bringup-0.0.0-py3.10.egg-info' (and everything under it)
[2.478s] Copying ../../build/amr_bringup/amr_bringup.egg-info to /workspace/colcon_ws/install/amr_bringup/lib/python3.10/site-packages/amr_bringup-0.0.0-py3.10.egg-info
[2.481s] running install_scripts
[2.540s] Installing listener script to /workspace/colcon_ws/install/amr_bringup/lib/amr_bringup
[2.542s] Installing talker script to /workspace/colcon_ws/install/amr_bringup/lib/amr_bringup
[2.542s] writing list of installed files to '/workspace/colcon_ws/build/amr_bringup/install.log'
[2.598s] Invoked command in '/workspace/colcon_ws/src/amr_bringup' returned '0': PYTHONPATH=/workspace/colcon_ws/build/amr_bringup/prefix_override:/usr/lib/python3/dist-packages/colcon_core/task/python/colcon_distutils_commands:/workspace/colcon_ws/install/amr_bringup/lib/python3.10/site-packages:${PYTHONPATH} /usr/bin/python3 -W ignore:setup.py install is deprecated -W ignore:easy_install command is deprecated setup.py egg_info --egg-base ../../build/amr_bringup build --build-base /workspace/colcon_ws/build/amr_bringup/build install --record /workspace/colcon_ws/build/amr_bringup/install.log --single-version-externally-managed install_data
