[2.708s] Invoking command in '/home/r-bansode/amr-ros/colcon_ws/src/amr_description': PYTHONPATH=/home/r-bansode/amr-ros/colcon_ws/build/amr_description/prefix_override:/usr/lib/python3/dist-packages/colcon_core/task/python/colcon_distutils_commands:/home/r-bansode/amr-ros/colcon_ws/install/amr_description/lib/python3.10/site-packages:${PYTHONPATH} /usr/bin/python3 -W ignore:setup.py install is deprecated -W ignore:easy_install command is deprecated setup.py egg_info --egg-base ../../build/amr_description build --build-base /home/r-bansode/amr-ros/colcon_ws/build/amr_description/build install --record /home/r-bansode/amr-ros/colcon_ws/build/amr_description/install.log --single-version-externally-managed install_data
[3.840s] running egg_info
[3.845s] writing ../../build/amr_description/amr_description.egg-info/PKG-INFO
[3.863s] writing dependency_links to ../../build/amr_description/amr_description.egg-info/dependency_links.txt
[3.864s] writing entry points to ../../build/amr_description/amr_description.egg-info/entry_points.txt
[3.864s] writing requirements to ../../build/amr_description/amr_description.egg-info/requires.txt
[3.864s] writing top-level names to ../../build/amr_description/amr_description.egg-info/top_level.txt
[3.864s] reading manifest file '../../build/amr_description/amr_description.egg-info/SOURCES.txt'
[3.868s] writing manifest file '../../build/amr_description/amr_description.egg-info/SOURCES.txt'
[3.868s] running build
[3.906s] running build_py
[3.906s] running install
[3.906s] running install_lib
[3.907s] running install_data
[3.907s] copying launch/display.launch.py -> /home/r-bansode/amr-ros/colcon_ws/install/amr_description/share/amr_description/launch
[3.908s] running install_egg_info
[3.919s] removing '/home/r-bansode/amr-ros/colcon_ws/install/amr_description/lib/python3.10/site-packages/amr_description-0.0.0-py3.10.egg-info' (and everything under it)
[3.919s] Copying ../../build/amr_description/amr_description.egg-info to /home/r-bansode/amr-ros/colcon_ws/install/amr_description/lib/python3.10/site-packages/amr_description-0.0.0-py3.10.egg-info
[3.920s] running install_scripts
[3.983s] writing list of installed files to '/home/r-bansode/amr-ros/colcon_ws/build/amr_description/install.log'
[4.135s] Invoked command in '/home/r-bansode/amr-ros/colcon_ws/src/amr_description' returned '0': PYTHONPATH=/home/r-bansode/amr-ros/colcon_ws/build/amr_description/prefix_override:/usr/lib/python3/dist-packages/colcon_core/task/python/colcon_distutils_commands:/home/r-bansode/amr-ros/colcon_ws/install/amr_description/lib/python3.10/site-packages:${PYTHONPATH} /usr/bin/python3 -W ignore:setup.py install is deprecated -W ignore:easy_install command is deprecated setup.py egg_info --egg-base ../../build/amr_description build --build-base /home/r-bansode/amr-ros/colcon_ws/build/amr_description/build install --record /home/r-bansode/amr-ros/colcon_ws/build/amr_description/install.log --single-version-externally-managed install_data
