running develop
Removing /home/r-bansode/amr-ros/colcon_ws/install/amr_description/lib/python3.10/site-packages/amr-description.egg-link (link to .)
running egg_info
writing ../../build/amr_description/amr_description.egg-info/PKG-INFO
writing dependency_links to ../../build/amr_description/amr_description.egg-info/dependency_links.txt
writing entry points to ../../build/amr_description/amr_description.egg-info/entry_points.txt
writing requirements to ../../build/amr_description/amr_description.egg-info/requires.txt
writing top-level names to ../../build/amr_description/amr_description.egg-info/top_level.txt
reading manifest file '../../build/amr_description/amr_description.egg-info/SOURCES.txt'
writing manifest file '../../build/amr_description/amr_description.egg-info/SOURCES.txt'
running build
running build_py
creating /home/r-bansode/amr-ros/colcon_ws/build/amr_description/build
creating /home/r-bansode/amr-ros/colcon_ws/build/amr_description/build/lib
creating /home/r-bansode/amr-ros/colcon_ws/build/amr_description/build/lib/amr_description
copying amr_description/navigation.py -> /home/r-bansode/amr-ros/colcon_ws/build/amr_description/build/lib/amr_description
copying amr_description/obstacle_detection_node.py -> /home/r-bansode/amr-ros/colcon_ws/build/amr_description/build/lib/amr_description
copying amr_description/__init__.py -> /home/r-bansode/amr-ros/colcon_ws/build/amr_description/build/lib/amr_description
copying amr_description/battery_sim.py -> /home/r-bansode/amr-ros/colcon_ws/build/amr_description/build/lib/amr_description
copying amr_description/odom_sim_filter.py -> /home/r-bansode/amr-ros/colcon_ws/build/amr_description/build/lib/amr_description
copying amr_description/charger_dock_monitor.py -> /home/r-bansode/amr-ros/colcon_ws/build/amr_description/build/lib/amr_description
copying amr_description/ground_truth_waypoint_follower.py -> /home/r-bansode/amr-ros/colcon_ws/build/amr_description/build/lib/amr_description
running install
running install_lib
creating /home/r-bansode/amr-ros/colcon_ws/install/amr_description/lib/python3.10/site-packages/amr_description
copying /home/r-bansode/amr-ros/colcon_ws/build/amr_description/build/lib/amr_description/navigation.py -> /home/r-bansode/amr-ros/colcon_ws/install/amr_description/lib/python3.10/site-packages/amr_description
copying /home/r-bansode/amr-ros/colcon_ws/build/amr_description/build/lib/amr_description/obstacle_detection_node.py -> /home/r-bansode/amr-ros/colcon_ws/install/amr_description/lib/python3.10/site-packages/amr_description
copying /home/r-bansode/amr-ros/colcon_ws/build/amr_description/build/lib/amr_description/__init__.py -> /home/r-bansode/amr-ros/colcon_ws/install/amr_description/lib/python3.10/site-packages/amr_description
copying /home/r-bansode/amr-ros/colcon_ws/build/amr_description/build/lib/amr_description/battery_sim.py -> /home/r-bansode/amr-ros/colcon_ws/install/amr_description/lib/python3.10/site-packages/amr_description
copying /home/r-bansode/amr-ros/colcon_ws/build/amr_description/build/lib/amr_description/odom_sim_filter.py -> /home/r-bansode/amr-ros/colcon_ws/install/amr_description/lib/python3.10/site-packages/amr_description
copying /home/r-bansode/amr-ros/colcon_ws/build/amr_description/build/lib/amr_description/charger_dock_monitor.py -> /home/r-bansode/amr-ros/colcon_ws/install/amr_description/lib/python3.10/site-packages/amr_description
copying /home/r-bansode/amr-ros/colcon_ws/build/amr_description/build/lib/amr_description/ground_truth_waypoint_follower.py -> /home/r-bansode/amr-ros/colcon_ws/install/amr_description/lib/python3.10/site-packages/amr_description
byte-compiling /home/r-bansode/amr-ros/colcon_ws/install/amr_description/lib/python3.10/site-packages/amr_description/navigation.py to navigation.cpython-310.pyc
byte-compiling /home/r-bansode/amr-ros/colcon_ws/install/amr_description/lib/python3.10/site-packages/amr_description/obstacle_detection_node.py to obstacle_detection_node.cpython-310.pyc
byte-compiling /home/r-bansode/amr-ros/colcon_ws/install/amr_description/lib/python3.10/site-packages/amr_description/__init__.py to __init__.cpython-310.pyc
byte-compiling /home/r-bansode/amr-ros/colcon_ws/install/amr_description/lib/python3.10/site-packages/amr_description/battery_sim.py to battery_sim.cpython-310.pyc
byte-compiling /home/r-bansode/amr-ros/colcon_ws/install/amr_description/lib/python3.10/site-packages/amr_description/odom_sim_filter.py to odom_sim_filter.cpython-310.pyc
byte-compiling /home/r-bansode/amr-ros/colcon_ws/install/amr_description/lib/python3.10/site-packages/amr_description/charger_dock_monitor.py to charger_dock_monitor.cpython-310.pyc
byte-compiling /home/r-bansode/amr-ros/colcon_ws/install/amr_description/lib/python3.10/site-packages/amr_description/ground_truth_waypoint_follower.py to ground_truth_waypoint_follower.cpython-310.pyc
running install_data
copying resource/amr_description -> /home/r-bansode/amr-ros/colcon_ws/install/amr_description/share/ament_index/resource_index/packages
copying package.xml -> /home/r-bansode/amr-ros/colcon_ws/install/amr_description/share/amr_description
copying launch/localization.launch.py -> /home/r-bansode/amr-ros/colcon_ws/install/amr_description/share/amr_description/launch
copying launch/slam.launch.py -> /home/r-bansode/amr-ros/colcon_ws/install/amr_description/share/amr_description/launch
copying launch/ground_truth_waypoint_follower.launch.py -> /home/r-bansode/amr-ros/colcon_ws/install/amr_description/share/amr_description/launch
copying launch/display.launch.py -> /home/r-bansode/amr-ros/colcon_ws/install/amr_description/share/amr_description/launch
copying launch/navigation.launch.py -> /home/r-bansode/amr-ros/colcon_ws/install/amr_description/share/amr_description/launch
copying launch/spawn_agv.launch.py -> /home/r-bansode/amr-ros/colcon_ws/install/amr_description/share/amr_description/launch
copying urdf/amr.urdf.xacro -> /home/r-bansode/amr-ros/colcon_ws/install/amr_description/share/amr_description/urdf
copying worlds/map.world -> /home/r-bansode/amr-ros/colcon_ws/install/amr_description/share/amr_description/worlds
copying worlds/model.config -> /home/r-bansode/amr-ros/colcon_ws/install/amr_description/share/amr_description/worlds
copying worlds/model.sdf -> /home/r-bansode/amr-ros/colcon_ws/install/amr_description/share/amr_description/worlds
copying worlds/map1.world -> /home/r-bansode/amr-ros/colcon_ws/install/amr_description/share/amr_description/worlds
copying worlds/thumbnails/3.png -> /home/r-bansode/amr-ros/colcon_ws/install/amr_description/share/amr_description/worlds
copying worlds/thumbnails/2.png -> /home/r-bansode/amr-ros/colcon_ws/install/amr_description/share/amr_description/worlds
copying worlds/thumbnails/1.png -> /home/r-bansode/amr-ros/colcon_ws/install/amr_description/share/amr_description/worlds
copying worlds/meshes/walk.dae -> /home/r-bansode/amr-ros/colcon_ws/install/amr_description/share/amr_description/worlds
running install_egg_info
Copying ../../build/amr_description/amr_description.egg-info to /home/r-bansode/amr-ros/colcon_ws/install/amr_description/lib/python3.10/site-packages/amr_description-0.0.0-py3.10.egg-info
running install_scripts
Installing battery_sim script to /home/r-bansode/amr-ros/colcon_ws/install/amr_description/lib/amr_description
Installing charger_dock_monitor script to /home/r-bansode/amr-ros/colcon_ws/install/amr_description/lib/amr_description
Installing ground_truth_waypoint_follower.py script to /home/r-bansode/amr-ros/colcon_ws/install/amr_description/lib/amr_description
Installing nav2navigator script to /home/r-bansode/amr-ros/colcon_ws/install/amr_description/lib/amr_description
Installing obstacle_detection_node script to /home/r-bansode/amr-ros/colcon_ws/install/amr_description/lib/amr_description
Installing odom_sim_filter script to /home/r-bansode/amr-ros/colcon_ws/install/amr_description/lib/amr_description
writing list of installed files to '/home/r-bansode/amr-ros/colcon_ws/build/amr_description/install.log'
