[0.967s] Invoking command in '/home/r-bansode/amr-ros/colcon_ws/build/amr_description': PYTHONPATH=/home/r-bansode/amr-ros/colcon_ws/build/amr_description/prefix_override:/usr/lib/python3/dist-packages/colcon_core/task/python/colcon_distutils_commands:/home/r-bansode/amr-ros/colcon_ws/install/amr_description/lib/python3.10/site-packages:${PYTHONPATH} /usr/bin/python3 -W ignore:setup.py install is deprecated -W ignore:easy_install command is deprecated setup.py develop --uninstall --editable --build-directory /home/r-bansode/amr-ros/colcon_ws/build/amr_description/build
[1.211s] running develop
[1.386s] Removing /home/r-bansode/amr-ros/colcon_ws/install/amr_description/lib/python3.10/site-packages/amr-description.egg-link (link to .)
[1.421s] Invoked command in '/home/r-bansode/amr-ros/colcon_ws/build/amr_description' returned '0': PYTHONPATH=/home/r-bansode/amr-ros/colcon_ws/build/amr_description/prefix_override:/usr/lib/python3/dist-packages/colcon_core/task/python/colcon_distutils_commands:/home/r-bansode/amr-ros/colcon_ws/install/amr_description/lib/python3.10/site-packages:${PYTHONPATH} /usr/bin/python3 -W ignore:setup.py install is deprecated -W ignore:easy_install command is deprecated setup.py develop --uninstall --editable --build-directory /home/r-bansode/amr-ros/colcon_ws/build/amr_description/build
[1.421s] Invoking command in '/home/r-bansode/amr-ros/colcon_ws/src/amr_description': PYTHONPATH=/home/r-bansode/amr-ros/colcon_ws/build/amr_description/prefix_override:/usr/lib/python3/dist-packages/colcon_core/task/python/colcon_distutils_commands:/home/r-bansode/amr-ros/colcon_ws/install/amr_description/lib/python3.10/site-packages:${PYTHONPATH} /usr/bin/python3 -W ignore:setup.py install is deprecated -W ignore:easy_install command is deprecated setup.py egg_info --egg-base ../../build/amr_description build --build-base /home/r-bansode/amr-ros/colcon_ws/build/amr_description/build install --record /home/r-bansode/amr-ros/colcon_ws/build/amr_description/install.log --single-version-externally-managed install_data --force
[1.646s] running egg_info
[1.646s] writing ../../build/amr_description/amr_description.egg-info/PKG-INFO
[1.646s] writing dependency_links to ../../build/amr_description/amr_description.egg-info/dependency_links.txt
[1.647s] writing entry points to ../../build/amr_description/amr_description.egg-info/entry_points.txt
[1.647s] writing requirements to ../../build/amr_description/amr_description.egg-info/requires.txt
[1.647s] writing top-level names to ../../build/amr_description/amr_description.egg-info/top_level.txt
[1.647s] reading manifest file '../../build/amr_description/amr_description.egg-info/SOURCES.txt'
[1.647s] writing manifest file '../../build/amr_description/amr_description.egg-info/SOURCES.txt'
[1.647s] running build
[1.647s] running build_py
[1.647s] creating /home/r-bansode/amr-ros/colcon_ws/build/amr_description/build
[1.647s] creating /home/r-bansode/amr-ros/colcon_ws/build/amr_description/build/lib
[1.647s] creating /home/r-bansode/amr-ros/colcon_ws/build/amr_description/build/lib/amr_description
[1.647s] copying amr_description/navigation.py -> /home/r-bansode/amr-ros/colcon_ws/build/amr_description/build/lib/amr_description
[1.647s] copying amr_description/obstacle_detection_node.py -> /home/r-bansode/amr-ros/colcon_ws/build/amr_description/build/lib/amr_description
[1.647s] copying amr_description/__init__.py -> /home/r-bansode/amr-ros/colcon_ws/build/amr_description/build/lib/amr_description
[1.647s] copying amr_description/battery_sim.py -> /home/r-bansode/amr-ros/colcon_ws/build/amr_description/build/lib/amr_description
[1.647s] copying amr_description/odom_sim_filter.py -> /home/r-bansode/amr-ros/colcon_ws/build/amr_description/build/lib/amr_description
[1.647s] copying amr_description/charger_dock_monitor.py -> /home/r-bansode/amr-ros/colcon_ws/build/amr_description/build/lib/amr_description
[1.647s] copying amr_description/ground_truth_waypoint_follower.py -> /home/r-bansode/amr-ros/colcon_ws/build/amr_description/build/lib/amr_description
[1.647s] running install
[1.647s] running install_lib
[1.647s] creating /home/r-bansode/amr-ros/colcon_ws/install/amr_description/lib/python3.10/site-packages/amr_description
[1.647s] copying /home/r-bansode/amr-ros/colcon_ws/build/amr_description/build/lib/amr_description/navigation.py -> /home/r-bansode/amr-ros/colcon_ws/install/amr_description/lib/python3.10/site-packages/amr_description
[1.647s] copying /home/r-bansode/amr-ros/colcon_ws/build/amr_description/build/lib/amr_description/obstacle_detection_node.py -> /home/r-bansode/amr-ros/colcon_ws/install/amr_description/lib/python3.10/site-packages/amr_description
[1.647s] copying /home/r-bansode/amr-ros/colcon_ws/build/amr_description/build/lib/amr_description/__init__.py -> /home/r-bansode/amr-ros/colcon_ws/install/amr_description/lib/python3.10/site-packages/amr_description
[1.647s] copying /home/r-bansode/amr-ros/colcon_ws/build/amr_description/build/lib/amr_description/battery_sim.py -> /home/r-bansode/amr-ros/colcon_ws/install/amr_description/lib/python3.10/site-packages/amr_description
[1.647s] copying /home/r-bansode/amr-ros/colcon_ws/build/amr_description/build/lib/amr_description/odom_sim_filter.py -> /home/r-bansode/amr-ros/colcon_ws/install/amr_description/lib/python3.10/site-packages/amr_description
[1.648s] copying /home/r-bansode/amr-ros/colcon_ws/build/amr_description/build/lib/amr_description/charger_dock_monitor.py -> /home/r-bansode/amr-ros/colcon_ws/install/amr_description/lib/python3.10/site-packages/amr_description
[1.648s] copying /home/r-bansode/amr-ros/colcon_ws/build/amr_description/build/lib/amr_description/ground_truth_waypoint_follower.py -> /home/r-bansode/amr-ros/colcon_ws/install/amr_description/lib/python3.10/site-packages/amr_description
[1.648s] byte-compiling /home/r-bansode/amr-ros/colcon_ws/install/amr_description/lib/python3.10/site-packages/amr_description/navigation.py to navigation.cpython-310.pyc
[1.648s] byte-compiling /home/r-bansode/amr-ros/colcon_ws/install/amr_description/lib/python3.10/site-packages/amr_description/obstacle_detection_node.py to obstacle_detection_node.cpython-310.pyc
[1.648s] byte-compiling /home/r-bansode/amr-ros/colcon_ws/install/amr_description/lib/python3.10/site-packages/amr_description/__init__.py to __init__.cpython-310.pyc
[1.648s] byte-compiling /home/r-bansode/amr-ros/colcon_ws/install/amr_description/lib/python3.10/site-packages/amr_description/battery_sim.py to battery_sim.cpython-310.pyc
[1.657s] byte-compiling /home/r-bansode/amr-ros/colcon_ws/install/amr_description/lib/python3.10/site-packages/amr_description/odom_sim_filter.py to odom_sim_filter.cpython-310.pyc
[1.658s] byte-compiling /home/r-bansode/amr-ros/colcon_ws/install/amr_description/lib/python3.10/site-packages/amr_description/charger_dock_monitor.py to charger_dock_monitor.cpython-310.pyc
[1.658s] byte-compiling /home/r-bansode/amr-ros/colcon_ws/install/amr_description/lib/python3.10/site-packages/amr_description/ground_truth_waypoint_follower.py to ground_truth_waypoint_follower.cpython-310.pyc
[1.658s] running install_data
[1.658s] copying resource/amr_description -> /home/r-bansode/amr-ros/colcon_ws/install/amr_description/share/ament_index/resource_index/packages
[1.658s] copying package.xml -> /home/r-bansode/amr-ros/colcon_ws/install/amr_description/share/amr_description
[1.658s] copying launch/localization.launch.py -> /home/r-bansode/amr-ros/colcon_ws/install/amr_description/share/amr_description/launch
[1.658s] copying launch/slam.launch.py -> /home/r-bansode/amr-ros/colcon_ws/install/amr_description/share/amr_description/launch
[1.658s] copying launch/ground_truth_waypoint_follower.launch.py -> /home/r-bansode/amr-ros/colcon_ws/install/amr_description/share/amr_description/launch
[1.658s] copying launch/display.launch.py -> /home/r-bansode/amr-ros/colcon_ws/install/amr_description/share/amr_description/launch
[1.658s] copying launch/navigation.launch.py -> /home/r-bansode/amr-ros/colcon_ws/install/amr_description/share/amr_description/launch
[1.658s] copying launch/spawn_agv.launch.py -> /home/r-bansode/amr-ros/colcon_ws/install/amr_description/share/amr_description/launch
[1.658s] copying urdf/amr.urdf.xacro -> /home/r-bansode/amr-ros/colcon_ws/install/amr_description/share/amr_description/urdf
[1.658s] copying worlds/map.world -> /home/r-bansode/amr-ros/colcon_ws/install/amr_description/share/amr_description/worlds
[1.658s] copying worlds/model.config -> /home/r-bansode/amr-ros/colcon_ws/install/amr_description/share/amr_description/worlds
[1.658s] copying worlds/model.sdf -> /home/r-bansode/amr-ros/colcon_ws/install/amr_description/share/amr_description/worlds
[1.658s] copying worlds/map1.world -> /home/r-bansode/amr-ros/colcon_ws/install/amr_description/share/amr_description/worlds
[1.658s] copying worlds/thumbnails/3.png -> /home/r-bansode/amr-ros/colcon_ws/install/amr_description/share/amr_description/worlds
[1.658s] copying worlds/thumbnails/2.png -> /home/r-bansode/amr-ros/colcon_ws/install/amr_description/share/amr_description/worlds
[1.658s] copying worlds/thumbnails/1.png -> /home/r-bansode/amr-ros/colcon_ws/install/amr_description/share/amr_description/worlds
[1.658s] copying worlds/meshes/walk.dae -> /home/r-bansode/amr-ros/colcon_ws/install/amr_description/share/amr_description/worlds
[1.658s] running install_egg_info
[1.658s] Copying ../../build/amr_description/amr_description.egg-info to /home/r-bansode/amr-ros/colcon_ws/install/amr_description/lib/python3.10/site-packages/amr_description-0.0.0-py3.10.egg-info
[1.658s] running install_scripts
[1.692s] Installing battery_sim script to /home/r-bansode/amr-ros/colcon_ws/install/amr_description/lib/amr_description
[1.693s] Installing charger_dock_monitor script to /home/r-bansode/amr-ros/colcon_ws/install/amr_description/lib/amr_description
[1.693s] Installing ground_truth_waypoint_follower.py script to /home/r-bansode/amr-ros/colcon_ws/install/amr_description/lib/amr_description
[1.693s] Installing nav2navigator script to /home/r-bansode/amr-ros/colcon_ws/install/amr_description/lib/amr_description
[1.693s] Installing obstacle_detection_node script to /home/r-bansode/amr-ros/colcon_ws/install/amr_description/lib/amr_description
[1.693s] Installing odom_sim_filter script to /home/r-bansode/amr-ros/colcon_ws/install/amr_description/lib/amr_description
[1.700s] writing list of installed files to '/home/r-bansode/amr-ros/colcon_ws/build/amr_description/install.log'
[1.727s] Invoked command in '/home/r-bansode/amr-ros/colcon_ws/src/amr_description' returned '0': PYTHONPATH=/home/r-bansode/amr-ros/colcon_ws/build/amr_description/prefix_override:/usr/lib/python3/dist-packages/colcon_core/task/python/colcon_distutils_commands:/home/r-bansode/amr-ros/colcon_ws/install/amr_description/lib/python3.10/site-packages:${PYTHONPATH} /usr/bin/python3 -W ignore:setup.py install is deprecated -W ignore:easy_install command is deprecated setup.py egg_info --egg-base ../../build/amr_description build --build-base /home/r-bansode/amr-ros/colcon_ws/build/amr_description/build install --record /home/r-bansode/amr-ros/colcon_ws/build/amr_description/install.log --single-version-externally-managed install_data --force
