[0.988s] Invoking command in '/home/r-bansode/amr-ros/colcon_ws/src/amr_description': PYTHONPATH=/home/r-bansode/amr-ros/colcon_ws/build/amr_description/prefix_override:/usr/lib/python3/dist-packages/colcon_core/task/python/colcon_distutils_commands:/home/r-bansode/amr-ros/colcon_ws/install/amr_description/lib/python3.10/site-packages:${PYTHONPATH} /usr/bin/python3 -W ignore:setup.py install is deprecated -W ignore:easy_install command is deprecated setup.py egg_info --egg-base ../../build/amr_description build --build-base /home/r-bansode/amr-ros/colcon_ws/build/amr_description/build install --record /home/r-bansode/amr-ros/colcon_ws/build/amr_description/install.log --single-version-externally-managed install_data
[1.232s] running egg_info
[1.232s] writing ../../build/amr_description/amr_description.egg-info/PKG-INFO
[1.233s] writing dependency_links to ../../build/amr_description/amr_description.egg-info/dependency_links.txt
[1.233s] writing entry points to ../../build/amr_description/amr_description.egg-info/entry_points.txt
[1.233s] writing requirements to ../../build/amr_description/amr_description.egg-info/requires.txt
[1.233s] writing top-level names to ../../build/amr_description/amr_description.egg-info/top_level.txt
[1.234s] reading manifest file '../../build/amr_description/amr_description.egg-info/SOURCES.txt'
[1.236s] writing manifest file '../../build/amr_description/amr_description.egg-info/SOURCES.txt'
[1.237s] running build
[1.237s] running build_py
[1.237s] copying amr_description/ground_truth_waypoint_follower.py -> /home/r-bansode/amr-ros/colcon_ws/build/amr_description/build/lib/amr_description
[1.237s] running install
[1.237s] running install_lib
[1.239s] copying /home/r-bansode/amr-ros/colcon_ws/build/amr_description/build/lib/amr_description/ground_truth_waypoint_follower.py -> /home/r-bansode/amr-ros/colcon_ws/install/amr_description/lib/python3.10/site-packages/amr_description
[1.239s] byte-compiling /home/r-bansode/amr-ros/colcon_ws/install/amr_description/lib/python3.10/site-packages/amr_description/ground_truth_waypoint_follower.py to ground_truth_waypoint_follower.cpython-310.pyc
[1.242s] running install_data
[1.243s] running install_egg_info
[1.248s] removing '/home/r-bansode/amr-ros/colcon_ws/install/amr_description/lib/python3.10/site-packages/amr_description-0.0.0-py3.10.egg-info' (and everything under it)
[1.248s] Copying ../../build/amr_description/amr_description.egg-info to /home/r-bansode/amr-ros/colcon_ws/install/amr_description/lib/python3.10/site-packages/amr_description-0.0.0-py3.10.egg-info
[1.256s] running install_scripts
[1.267s] Installing battery_sim script to /home/r-bansode/amr-ros/colcon_ws/install/amr_description/lib/amr_description
[1.272s] Installing charger_dock_monitor script to /home/r-bansode/amr-ros/colcon_ws/install/amr_description/lib/amr_description
[1.272s] Installing ground_truth_waypoint_follower.py script to /home/r-bansode/amr-ros/colcon_ws/install/amr_description/lib/amr_description
[1.272s] Installing nav2navigator script to /home/r-bansode/amr-ros/colcon_ws/install/amr_description/lib/amr_description
[1.272s] Installing obstacle_detection_node script to /home/r-bansode/amr-ros/colcon_ws/install/amr_description/lib/amr_description
[1.272s] Installing odom_sim_filter script to /home/r-bansode/amr-ros/colcon_ws/install/amr_description/lib/amr_description
[1.272s] writing list of installed files to '/home/r-bansode/amr-ros/colcon_ws/build/amr_description/install.log'
[1.292s] Invoked command in '/home/r-bansode/amr-ros/colcon_ws/src/amr_description' returned '0': PYTHONPATH=/home/r-bansode/amr-ros/colcon_ws/build/amr_description/prefix_override:/usr/lib/python3/dist-packages/colcon_core/task/python/colcon_distutils_commands:/home/r-bansode/amr-ros/colcon_ws/install/amr_description/lib/python3.10/site-packages:${PYTHONPATH} /usr/bin/python3 -W ignore:setup.py install is deprecated -W ignore:easy_install command is deprecated setup.py egg_info --egg-base ../../build/amr_description build --build-base /home/r-bansode/amr-ros/colcon_ws/build/amr_description/build install --record /home/r-bansode/amr-ros/colcon_ws/build/amr_description/install.log --single-version-externally-managed install_data
