[0.974s] Invoking command in '/home/r-bansode/amr-ros/colcon_ws/build/amr_bringup': PYTHONPATH=/home/r-bansode/amr-ros/colcon_ws/build/amr_bringup/prefix_override:/usr/lib/python3/dist-packages/colcon_core/task/python/colcon_distutils_commands:/home/r-bansode/amr-ros/colcon_ws/install/amr_bringup/lib/python3.10/site-packages:${PYTHONPATH} /usr/bin/python3 -W ignore:setup.py install is deprecated -W ignore:easy_install command is deprecated setup.py develop --editable --build-directory /home/r-bansode/amr-ros/colcon_ws/build/amr_bringup/build --no-deps symlink_data
[1.248s] running develop
[1.433s] running egg_info
[1.434s] creating amr_bringup.egg-info
[1.434s] writing amr_bringup.egg-info/PKG-INFO
[1.434s] writing dependency_links to amr_bringup.egg-info/dependency_links.txt
[1.434s] writing entry points to amr_bringup.egg-info/entry_points.txt
[1.434s] writing requirements to amr_bringup.egg-info/requires.txt
[1.434s] writing top-level names to amr_bringup.egg-info/top_level.txt
[1.434s] writing manifest file 'amr_bringup.egg-info/SOURCES.txt'
[1.435s] reading manifest file 'amr_bringup.egg-info/SOURCES.txt'
[1.435s] writing manifest file 'amr_bringup.egg-info/SOURCES.txt'
[1.438s] running build_ext
[1.439s] Creating /home/r-bansode/amr-ros/colcon_ws/install/amr_bringup/lib/python3.10/site-packages/amr-bringup.egg-link (link to .)
[1.439s] Installing listener script to /home/r-bansode/amr-ros/colcon_ws/install/amr_bringup/lib/amr_bringup
[1.439s] Installing talker script to /home/r-bansode/amr-ros/colcon_ws/install/amr_bringup/lib/amr_bringup
[1.439s] 
[1.439s] Installed /home/r-bansode/amr-ros/colcon_ws/build/amr_bringup
[1.439s] running symlink_data
[1.439s] symbolically linking /home/r-bansode/amr-ros/colcon_ws/build/amr_bringup/package.xml -> /home/r-bansode/amr-ros/colcon_ws/install/amr_bringup/share/amr_bringup
[1.439s] creating /home/r-bansode/amr-ros/colcon_ws/install/amr_bringup/share/amr_bringup/launch
[1.439s] symbolically linking /home/r-bansode/amr-ros/colcon_ws/build/amr_bringup/launch/talker_listener.launch.py -> /home/r-bansode/amr-ros/colcon_ws/install/amr_bringup/share/amr_bringup/launch
[1.486s] Invoked command in '/home/r-bansode/amr-ros/colcon_ws/build/amr_bringup' returned '0': PYTHONPATH=/home/r-bansode/amr-ros/colcon_ws/build/amr_bringup/prefix_override:/usr/lib/python3/dist-packages/colcon_core/task/python/colcon_distutils_commands:/home/r-bansode/amr-ros/colcon_ws/install/amr_bringup/lib/python3.10/site-packages:${PYTHONPATH} /usr/bin/python3 -W ignore:setup.py install is deprecated -W ignore:easy_install command is deprecated setup.py develop --editable --build-directory /home/r-bansode/amr-ros/colcon_ws/build/amr_bringup/build --no-deps symlink_data
